[+] Containers:
 |- [+] Container: /Game/ThirdPerson/Maps/ThirdPersonMap
 |   |- [+] ActorDescs:
 |   |   |- Guid:0945045447208385C922B5AA43D883A4 BaseClass: NativeClass:/Script/Engine.StaticMeshActor Name:StaticMeshActor_UAID_84144DCF0430B0A101_1332065159 Label:CorridorA_Floor_3X3 SpatiallyLoaded:1 Bounds:IsValid=true, Min=(X=3696.898 Y=2336.730 Z=-758.831), Max=(X=4323.430 Y=2962.855 Z=-700.000) RuntimeGrid:None EditorOnly:0 RuntimeOnly:0 HLODRelevant:1
 |   |   |- Guid:175BEF494815CABE1DB3ECABD2882117 BaseClass: NativeClass:/Script/Engine.StaticMeshActor Name:StaticMeshActor_UAID_84144DCF0430B0A101_1359728160 Label:CorridorA_Floor_3X4 SpatiallyLoaded:1 Bounds:IsValid=true, Min=(X=3706.898 Y=3446.730 Z=-468.831), Max=(X=4333.430 Y=4072.855 Z=-410.000) RuntimeGrid:None EditorOnly:0 RuntimeOnly:0 HLODRelevant:1
 |   |   |- Guid:1AAFF125474AF391FA769788EE7F6FD3 BaseClass: NativeClass:/Script/Engine.PlayerStart Name:PlayerStart_UAID_84144DCF0430B0A101_1612104167 Label:PlayerStart SpatiallyLoaded:0 Bounds:IsValid=true, Min=(X=1730.000 Y=2380.000 Z=-642.000), Max=(X=1810.000 Y=2460.000 Z=-458.000) RuntimeGrid:None EditorOnly:0 RuntimeOnly:0 HLODRelevant:0
 |   |   |- Guid:1D82AC40482A8CD70A4C60B424425E99 BaseClass:/Game/Assets/LearningKitAssets/Hour_of_Code/Blueprints/BP_checkpoint.BP_checkpoint_C NativeClass:/Script/Engine.Actor Name:BP_checkpoint_C_UAID_84144DCF0430B0A101_2008767168 Label:BP_checkpoint2 SpatiallyLoaded:1 Bounds:IsValid=true, Min=(X=10721.388 Y=2320.000 Z=-498.617), Max=(X=11030.000 Y=2480.000 Z=-247.149) RuntimeGrid:None EditorOnly:0 RuntimeOnly:0 HLODRelevant:0
 |   |   |- Guid:1E62327C4745E181C25413A232E87947 BaseClass: NativeClass:/Script/Engine.StaticMeshActor Name:StaticMeshActor_UAID_84144DCF0430B0A101_1392905162 Label:CorridorA_Floor_3X6 SpatiallyLoaded:1 Bounds:IsValid=true, Min=(X=4876.898 Y=4486.730 Z=-88.831), Max=(X=5503.430 Y=5112.855 Z=-30.000) RuntimeGrid:None EditorOnly:0 RuntimeOnly:0 HLODRelevant:1
 |   |   |- Guid:2FB58999456391D349DC0F86DAC136ED BaseClass: NativeClass:/Script/Engine.SkyLight Name:SkyLight_1 Label:SkyLight SpatiallyLoaded:0 Bounds:IsValid=true, Min=(X=0.000 Y=0.000 Z=690.000), Max=(X=0.000 Y=0.000 Z=690.000) RuntimeGrid:None EditorOnly:0 RuntimeOnly:0 HLODRelevant:0 FolderPath:Lighting FolderGuid:963EC3EB4002CCE9759E2EBA541A873A
 |   |   |- Guid:316CF2A6494ACA4C0E4180A87D36AB8F BaseClass: NativeClass:/Script/Engine.ExponentialHeightFog Name:ExponentialHeightFog_0 Label:ExponentialHeightFog SpatiallyLoaded:0 Bounds:IsValid=true, Min=(X=-5600.000 Y=-50.000 Z=-6850.000), Max=(X=-5600.000 Y=-50.000 Z=-6850.000) RuntimeGrid:None EditorOnly:0 RuntimeOnly:0 HLODRelevant:0 FolderPath:Lighting FolderGuid:963EC3EB4002CCE9759E2EBA541A873A
 |   |   |- Guid:3345B6FC482D16AB1790248952E276EF BaseClass: NativeClass:/Script/Engine.StaticMeshActor Name:StaticMeshActor_UAID_84144DCF0430B0A101_1448282166 Label:CorridorA_Floor_3X10 SpatiallyLoaded:1 Bounds:IsValid=true, Min=(X=8536.898 Y=3616.730 Z=-458.831), Max=(X=9163.430 Y=4242.855 Z=-400.000) RuntimeGrid:None EditorOnly:0 RuntimeOnly:0 HLODRelevant:1
 |   |   |- Guid:3DC9253F44245AF27812BDA6EEA873C4 BaseClass: NativeClass:/Script/Engine.StaticMeshActor Name:StaticMeshActor_UAID_84144DCF04307B9F01_1344942711 Label:CubeGridToolOutput SpatiallyLoaded:1 Bounds:IsValid=true, Min=(X=-200.000 Y=1700.000 Z=-100.000), Max=(X=4200.000 Y=2500.000 Z=900.000) RuntimeGrid:None EditorOnly:0 RuntimeOnly:0 HLODRelevant:0
 |   |   |- Guid:4D3BE93F4146AAAC8BBE79999D96D57F BaseClass: NativeClass:/Script/Engine.VolumetricCloud Name:VolumetricCloud_0 Label:VolumetricCloud SpatiallyLoaded:0 Bounds:IsValid=true, Min=(X=0.000 Y=0.000 Z=820.000), Max=(X=0.000 Y=0.000 Z=820.000) RuntimeGrid:None EditorOnly:0 RuntimeOnly:0 HLODRelevant:0 FolderPath:Lighting FolderGuid:963EC3EB4002CCE9759E2EBA541A873A
 |   |   |- Guid:637A25D64AC2F75363BE4986FF2ED595 BaseClass: NativeClass:/Script/Engine.StaticMeshActor Name:StaticMeshActor_UAID_84144DCF0430B0A101_1378619161 Label:CorridorA_Floor_3X5 SpatiallyLoaded:1 Bounds:IsValid=true, Min=(X=3706.898 Y=4486.730 Z=-88.831), Max=(X=4333.430 Y=5112.855 Z=-30.000) RuntimeGrid:None EditorOnly:0 RuntimeOnly:0 HLODRelevant:1
 |   |   |- Guid:6BAF4DDD444C60371492D3919DB42C97 BaseClass: NativeClass:/Script/Engine.WorldDataLayers Name:WorldDataLayers Label:WorldDataLayers SpatiallyLoaded:0 Bounds:IsValid=true, Min=(X=0.000 Y=0.000 Z=0.000), Max=(X=0.000 Y=0.000 Z=0.000) RuntimeGrid:None EditorOnly:0 RuntimeOnly:0 HLODRelevant:0
 |   |   |- Guid:7AB9CB964AB0D3A8154540BCF65C37B4 BaseClass: NativeClass:/Script/Engine.StaticMeshActor Name:StaticMeshActor_UAID_84144DCF0430AFA101_2121570980 Label:Room_Palace01_Ceiling_400 SpatiallyLoaded:1 Bounds:IsValid=true, Min=(X=-1520.000 Y=1270.000 Z=-1035.811), Max=(X=3280.000 Y=3670.000 Z=-909.921) RuntimeGrid:None EditorOnly:0 RuntimeOnly:0 HLODRelevant:1
 |   |   |- Guid:AF90174E47DCAB846FF2F2B81BB7B88C BaseClass: NativeClass:/Script/Engine.StaticMeshActor Name:StaticMeshActor_UAID_84144DCF0430B0A101_1438174165 Label:CorridorA_Floor_3X9 SpatiallyLoaded:1 Bounds:IsValid=true, Min=(X=8536.898 Y=4486.730 Z=-88.831), Max=(X=9163.430 Y=5112.855 Z=-30.000) RuntimeGrid:None EditorOnly:0 RuntimeOnly:0 HLODRelevant:1
 |   |   |- Guid:B785ED2844B84CFB91E7F39FE661CD99 BaseClass: NativeClass:/Script/Engine.DirectionalLight Name:DirectionalLight_0 Label:DirectionalLight SpatiallyLoaded:0 Bounds:IsValid=true, Min=(X=-1048576.000 Y=-1048576.000 Z=-1048576.000), Max=(X=1048576.000 Y=1048576.000 Z=1048576.000) RuntimeGrid:None EditorOnly:0 RuntimeOnly:0 HLODRelevant:0 FolderPath:Lighting FolderGuid:963EC3EB4002CCE9759E2EBA541A873A
 |   |   |- Guid:CC626A2A478AB1390C54FBB20FDAE3D8 BaseClass: NativeClass:/Script/Engine.StaticMeshActor Name:StaticMeshActor_UAID_84144DCF0430AFA101_2038061979 Label:Skyline SpatiallyLoaded:1 Bounds:IsValid=true, Min=(X=-4701.273 Y=-781.003 Z=-3940.388), Max=(X=11703.633 Y=4918.926 Z=7377.176) RuntimeGrid:None EditorOnly:0 RuntimeOnly:0 HLODRelevant:1
 |   |   |- Guid:CCFF262C46EEFFDF319E7F9539CE697E BaseClass: NativeClass:/Script/Engine.SkyAtmosphere Name:SkyAtmosphere_0 Label:SkyAtmosphere SpatiallyLoaded:0 Bounds:IsValid=true, Min=(X=0.000 Y=0.000 Z=1020.000), Max=(X=0.000 Y=0.000 Z=1020.000) RuntimeGrid:None EditorOnly:0 RuntimeOnly:0 HLODRelevant:0 FolderPath:Lighting FolderGuid:963EC3EB4002CCE9759E2EBA541A873A
 |   |   |- Guid:CE01A7C841372715CF0621A9AF1E1558 BaseClass: NativeClass:/Script/Engine.StaticMeshActor Name:StaticMeshActor_UAID_84144DCF0430B0A101_1425374163 Label:CorridorA_Floor_3X7 SpatiallyLoaded:1 Bounds:IsValid=true, Min=(X=6136.898 Y=4486.730 Z=-88.831), Max=(X=6763.430 Y=5112.855 Z=-30.000) RuntimeGrid:None EditorOnly:0 RuntimeOnly:0 HLODRelevant:1
 |   |   |- Guid:EC4E0C944CE6AC6E784BC6BB2916EA13 BaseClass: NativeClass:/Script/Engine.StaticMeshActor Name:StaticMeshActor_UAID_A4AE111137DC5EFB00_1110535423 Label:SM_SkySphere SpatiallyLoaded:0 Bounds:IsValid=true, Min=(X=-1638400.000 Y=-1638400.000 Z=-1638400.000), Max=(X=1638400.000 Y=1638400.000 Z=1638400.000) RuntimeGrid:None EditorOnly:0 RuntimeOnly:0 HLODRelevant:1 FolderPath:Lighting FolderGuid:963EC3EB4002CCE9759E2EBA541A873A
 |   |   |- Guid:F5E3FEB3450C49844FD93DA8E083C8AD BaseClass: NativeClass:/Script/Engine.PostProcessVolume Name:PostProcessVolume_0 Label:PostProcessVolume SpatiallyLoaded:0 Bounds:IsValid=true, Min=(X=0.000 Y=0.000 Z=400.000), Max=(X=200.000 Y=200.000 Z=600.000) RuntimeGrid:None EditorOnly:0 RuntimeOnly:0 HLODRelevant:0 FolderPath:Lighting FolderGuid:963EC3EB4002CCE9759E2EBA541A873A
 |   |   |- Guid:F9E33CBE4624870CC43722B345BE8AC7 BaseClass: NativeClass:/Script/Engine.StaticMeshActor Name:StaticMeshActor_UAID_84144DCF0430B0A101_1430609164 Label:CorridorA_Floor_3X8 SpatiallyLoaded:1 Bounds:IsValid=true, Min=(X=7336.898 Y=4486.730 Z=-88.831), Max=(X=7963.430 Y=5112.855 Z=-30.000) RuntimeGrid:None EditorOnly:0 RuntimeOnly:0 HLODRelevant:1
 |   |- [+] Clusters:
 |   |   |- [+] [  0]
 |   |   |   |- Guid:6BAF4DDD444C60371492D3919DB42C97 BaseClass: NativeClass:/Script/Engine.WorldDataLayers Name:WorldDataLayers Label:WorldDataLayers SpatiallyLoaded:0 Bounds:IsValid=true, Min=(X=0.000 Y=0.000 Z=0.000), Max=(X=0.000 Y=0.000 Z=0.000) RuntimeGrid:None EditorOnly:0 RuntimeOnly:0 HLODRelevant:0
 |   |   |- [+] [  1]
 |   |   |   |- Guid:F5E3FEB3450C49844FD93DA8E083C8AD BaseClass: NativeClass:/Script/Engine.PostProcessVolume Name:PostProcessVolume_0 Label:PostProcessVolume SpatiallyLoaded:0 Bounds:IsValid=true, Min=(X=0.000 Y=0.000 Z=400.000), Max=(X=200.000 Y=200.000 Z=600.000) RuntimeGrid:None EditorOnly:0 RuntimeOnly:0 HLODRelevant:0 FolderPath:Lighting FolderGuid:963EC3EB4002CCE9759E2EBA541A873A
 |   |   |- [+] [  2]
 |   |   |   |- Guid:4D3BE93F4146AAAC8BBE79999D96D57F BaseClass: NativeClass:/Script/Engine.VolumetricCloud Name:VolumetricCloud_0 Label:VolumetricCloud SpatiallyLoaded:0 Bounds:IsValid=true, Min=(X=0.000 Y=0.000 Z=820.000), Max=(X=0.000 Y=0.000 Z=820.000) RuntimeGrid:None EditorOnly:0 RuntimeOnly:0 HLODRelevant:0 FolderPath:Lighting FolderGuid:963EC3EB4002CCE9759E2EBA541A873A
 |   |   |- [+] [  3]
 |   |   |   |- Guid:CCFF262C46EEFFDF319E7F9539CE697E BaseClass: NativeClass:/Script/Engine.SkyAtmosphere Name:SkyAtmosphere_0 Label:SkyAtmosphere SpatiallyLoaded:0 Bounds:IsValid=true, Min=(X=0.000 Y=0.000 Z=1020.000), Max=(X=0.000 Y=0.000 Z=1020.000) RuntimeGrid:None EditorOnly:0 RuntimeOnly:0 HLODRelevant:0 FolderPath:Lighting FolderGuid:963EC3EB4002CCE9759E2EBA541A873A
 |   |   |- [+] [  4]
 |   |   |   |- Guid:EC4E0C944CE6AC6E784BC6BB2916EA13 BaseClass: NativeClass:/Script/Engine.StaticMeshActor Name:StaticMeshActor_UAID_A4AE111137DC5EFB00_1110535423 Label:SM_SkySphere SpatiallyLoaded:0 Bounds:IsValid=true, Min=(X=-1638400.000 Y=-1638400.000 Z=-1638400.000), Max=(X=1638400.000 Y=1638400.000 Z=1638400.000) RuntimeGrid:None EditorOnly:0 RuntimeOnly:0 HLODRelevant:1 FolderPath:Lighting FolderGuid:963EC3EB4002CCE9759E2EBA541A873A
 |   |   |- [+] [  5]
 |   |   |   |- Guid:B785ED2844B84CFB91E7F39FE661CD99 BaseClass: NativeClass:/Script/Engine.DirectionalLight Name:DirectionalLight_0 Label:DirectionalLight SpatiallyLoaded:0 Bounds:IsValid=true, Min=(X=-1048576.000 Y=-1048576.000 Z=-1048576.000), Max=(X=1048576.000 Y=1048576.000 Z=1048576.000) RuntimeGrid:None EditorOnly:0 RuntimeOnly:0 HLODRelevant:0 FolderPath:Lighting FolderGuid:963EC3EB4002CCE9759E2EBA541A873A
 |   |   |- [+] [  6]
 |   |   |   |- Guid:316CF2A6494ACA4C0E4180A87D36AB8F BaseClass: NativeClass:/Script/Engine.ExponentialHeightFog Name:ExponentialHeightFog_0 Label:ExponentialHeightFog SpatiallyLoaded:0 Bounds:IsValid=true, Min=(X=-5600.000 Y=-50.000 Z=-6850.000), Max=(X=-5600.000 Y=-50.000 Z=-6850.000) RuntimeGrid:None EditorOnly:0 RuntimeOnly:0 HLODRelevant:0 FolderPath:Lighting FolderGuid:963EC3EB4002CCE9759E2EBA541A873A
 |   |   |- [+] [  7]
 |   |   |   |- Guid:2FB58999456391D349DC0F86DAC136ED BaseClass: NativeClass:/Script/Engine.SkyLight Name:SkyLight_1 Label:SkyLight SpatiallyLoaded:0 Bounds:IsValid=true, Min=(X=0.000 Y=0.000 Z=690.000), Max=(X=0.000 Y=0.000 Z=690.000) RuntimeGrid:None EditorOnly:0 RuntimeOnly:0 HLODRelevant:0 FolderPath:Lighting FolderGuid:963EC3EB4002CCE9759E2EBA541A873A
 |   |   |- [+] [  8]
 |   |   |   |- Guid:3DC9253F44245AF27812BDA6EEA873C4 BaseClass: NativeClass:/Script/Engine.StaticMeshActor Name:StaticMeshActor_UAID_84144DCF04307B9F01_1344942711 Label:CubeGridToolOutput SpatiallyLoaded:1 Bounds:IsValid=true, Min=(X=-200.000 Y=1700.000 Z=-100.000), Max=(X=4200.000 Y=2500.000 Z=900.000) RuntimeGrid:None EditorOnly:0 RuntimeOnly:0 HLODRelevant:0
 |   |   |- [+] [  9]
 |   |   |   |- Guid:CC626A2A478AB1390C54FBB20FDAE3D8 BaseClass: NativeClass:/Script/Engine.StaticMeshActor Name:StaticMeshActor_UAID_84144DCF0430AFA101_2038061979 Label:Skyline SpatiallyLoaded:1 Bounds:IsValid=true, Min=(X=-4701.273 Y=-781.003 Z=-3940.388), Max=(X=11703.633 Y=4918.926 Z=7377.176) RuntimeGrid:None EditorOnly:0 RuntimeOnly:0 HLODRelevant:1
 |   |   |- [+] [ 10]
 |   |   |   |- Guid:7AB9CB964AB0D3A8154540BCF65C37B4 BaseClass: NativeClass:/Script/Engine.StaticMeshActor Name:StaticMeshActor_UAID_84144DCF0430AFA101_2121570980 Label:Room_Palace01_Ceiling_400 SpatiallyLoaded:1 Bounds:IsValid=true, Min=(X=-1520.000 Y=1270.000 Z=-1035.811), Max=(X=3280.000 Y=3670.000 Z=-909.921) RuntimeGrid:None EditorOnly:0 RuntimeOnly:0 HLODRelevant:1
 |   |   |- [+] [ 11]
 |   |   |   |- Guid:0945045447208385C922B5AA43D883A4 BaseClass: NativeClass:/Script/Engine.StaticMeshActor Name:StaticMeshActor_UAID_84144DCF0430B0A101_1332065159 Label:CorridorA_Floor_3X3 SpatiallyLoaded:1 Bounds:IsValid=true, Min=(X=3696.898 Y=2336.730 Z=-758.831), Max=(X=4323.430 Y=2962.855 Z=-700.000) RuntimeGrid:None EditorOnly:0 RuntimeOnly:0 HLODRelevant:1
 |   |   |- [+] [ 12]
 |   |   |   |- Guid:175BEF494815CABE1DB3ECABD2882117 BaseClass: NativeClass:/Script/Engine.StaticMeshActor Name:StaticMeshActor_UAID_84144DCF0430B0A101_1359728160 Label:CorridorA_Floor_3X4 SpatiallyLoaded:1 Bounds:IsValid=true, Min=(X=3706.898 Y=3446.730 Z=-468.831), Max=(X=4333.430 Y=4072.855 Z=-410.000) RuntimeGrid:None EditorOnly:0 RuntimeOnly:0 HLODRelevant:1
 |   |   |- [+] [ 13]
 |   |   |   |- Guid:637A25D64AC2F75363BE4986FF2ED595 BaseClass: NativeClass:/Script/Engine.StaticMeshActor Name:StaticMeshActor_UAID_84144DCF0430B0A101_1378619161 Label:CorridorA_Floor_3X5 SpatiallyLoaded:1 Bounds:IsValid=true, Min=(X=3706.898 Y=4486.730 Z=-88.831), Max=(X=4333.430 Y=5112.855 Z=-30.000) RuntimeGrid:None EditorOnly:0 RuntimeOnly:0 HLODRelevant:1
 |   |   |- [+] [ 14]
 |   |   |   |- Guid:1E62327C4745E181C25413A232E87947 BaseClass: NativeClass:/Script/Engine.StaticMeshActor Name:StaticMeshActor_UAID_84144DCF0430B0A101_1392905162 Label:CorridorA_Floor_3X6 SpatiallyLoaded:1 Bounds:IsValid=true, Min=(X=4876.898 Y=4486.730 Z=-88.831), Max=(X=5503.430 Y=5112.855 Z=-30.000) RuntimeGrid:None EditorOnly:0 RuntimeOnly:0 HLODRelevant:1
 |   |   |- [+] [ 15]
 |   |   |   |- Guid:CE01A7C841372715CF0621A9AF1E1558 BaseClass: NativeClass:/Script/Engine.StaticMeshActor Name:StaticMeshActor_UAID_84144DCF0430B0A101_1425374163 Label:CorridorA_Floor_3X7 SpatiallyLoaded:1 Bounds:IsValid=true, Min=(X=6136.898 Y=4486.730 Z=-88.831), Max=(X=6763.430 Y=5112.855 Z=-30.000) RuntimeGrid:None EditorOnly:0 RuntimeOnly:0 HLODRelevant:1
 |   |   |- [+] [ 16]
 |   |   |   |- Guid:F9E33CBE4624870CC43722B345BE8AC7 BaseClass: NativeClass:/Script/Engine.StaticMeshActor Name:StaticMeshActor_UAID_84144DCF0430B0A101_1430609164 Label:CorridorA_Floor_3X8 SpatiallyLoaded:1 Bounds:IsValid=true, Min=(X=7336.898 Y=4486.730 Z=-88.831), Max=(X=7963.430 Y=5112.855 Z=-30.000) RuntimeGrid:None EditorOnly:0 RuntimeOnly:0 HLODRelevant:1
 |   |   |- [+] [ 17]
 |   |   |   |- Guid:AF90174E47DCAB846FF2F2B81BB7B88C BaseClass: NativeClass:/Script/Engine.StaticMeshActor Name:StaticMeshActor_UAID_84144DCF0430B0A101_1438174165 Label:CorridorA_Floor_3X9 SpatiallyLoaded:1 Bounds:IsValid=true, Min=(X=8536.898 Y=4486.730 Z=-88.831), Max=(X=9163.430 Y=5112.855 Z=-30.000) RuntimeGrid:None EditorOnly:0 RuntimeOnly:0 HLODRelevant:1
 |   |   |- [+] [ 18]
 |   |   |   |- Guid:3345B6FC482D16AB1790248952E276EF BaseClass: NativeClass:/Script/Engine.StaticMeshActor Name:StaticMeshActor_UAID_84144DCF0430B0A101_1448282166 Label:CorridorA_Floor_3X10 SpatiallyLoaded:1 Bounds:IsValid=true, Min=(X=8536.898 Y=3616.730 Z=-458.831), Max=(X=9163.430 Y=4242.855 Z=-400.000) RuntimeGrid:None EditorOnly:0 RuntimeOnly:0 HLODRelevant:1
 |   |   |- [+] [ 19]
 |   |   |   |- Guid:1AAFF125474AF391FA769788EE7F6FD3 BaseClass: NativeClass:/Script/Engine.PlayerStart Name:PlayerStart_UAID_84144DCF0430B0A101_1612104167 Label:PlayerStart SpatiallyLoaded:0 Bounds:IsValid=true, Min=(X=1730.000 Y=2380.000 Z=-642.000), Max=(X=1810.000 Y=2460.000 Z=-458.000) RuntimeGrid:None EditorOnly:0 RuntimeOnly:0 HLODRelevant:0
 |   |   |- [+] [ 20]
 |   |   |   |- Guid:1D82AC40482A8CD70A4C60B424425E99 BaseClass:/Game/Assets/LearningKitAssets/Hour_of_Code/Blueprints/BP_checkpoint.BP_checkpoint_C NativeClass:/Script/Engine.Actor Name:BP_checkpoint_C_UAID_84144DCF0430B0A101_2008767168 Label:BP_checkpoint2 SpatiallyLoaded:1 Bounds:IsValid=true, Min=(X=10721.388 Y=2320.000 Z=-498.617), Max=(X=11030.000 Y=2480.000 Z=-247.149) RuntimeGrid:None EditorOnly:0 RuntimeOnly:0 HLODRelevant:0
 |- ContainerInstances:
 |- [+] MainContainer:
 |   |-        ID: 0x0000000000000000
 |   |-    Bounds: IsValid=false, Min=(X=0.000 Y=0.000 Z=0.000), Max=(X=0.000 Y=0.000 Z=0.000)
 |   |- Transform: 0.000000,0.000000,0.000000|0.000000,0.000000,-0.000000|1.000000,1.000000,1.000000
 |   |- Container: /Game/ThirdPerson/Maps/ThirdPersonMap
----------------------------------------------------------------------------------------------------------------
ThirdPersonMap - Persistent Level
----------------------------------------------------------------------------------------------------------------
Always loaded Actor Count: 28 

----------------------------------------------------------------------------------------------------------------
ThirdPersonMap - Runtime Spatial Hash - Streaming Grid - MainGrid
----------------------------------------------------------------------------------------------------------------
            Origin: X=0.000 Y=0.000 Z=0.000
         Cell Size: 12800
      World Bounds: IsValid=false, Min=(X=0.000 Y=0.000 Z=0.000), Max=(X=0.000 Y=0.000 Z=0.000)
     Loading Range: 25600.00
Block Slow Loading: No
 ClientOnlyVisible: No

[+] Grid Levels: 1
 |- Level  0: Cell Count    0 | Cell Size   12800 | Actor Count    0 (0.0%)

[+] Content of Grid Level 0

