[+] Containers:
 |- [+] Container: /Game/ThirdPerson/Maps/ThirdPersonMap
 |   |- [+] ActorDescs:
 |   |   |- Guid:01BAEC3D47D9C323DF29D88EC26EF3C9 BaseClass: NativeClass:/Script/Engine.StaticMeshActor Name:StaticMeshActor_UAID_84144DCF0430B2A101_1262368567 Label:Corridor_Palace_WallShort_200_Flat23 SpatiallyLoaded:1 Bounds:IsValid=true, Min=(X=2826.825 Y=3606.696 Z=2483.158), Max=(X=3278.549 Y=3679.738 Z=3086.627) RuntimeGrid:None EditorOnly:0 RuntimeOnly:0 HLODRelevant:1
 |   |   |- Guid:02439B9B497E473A825E5A9BD7D4A821 BaseClass: NativeClass:/Script/Engine.StaticMeshActor Name:StaticMeshActor_UAID_84144DCF0430B1A101_2062188355 Label:Corridor_Palace_Span_1600 SpatiallyLoaded:1 Bounds:IsValid=true, Min=(X=3132.810 Y=1223.782 Z=1747.625), Max=(X=3363.656 Y=3637.844 Z=3619.920) RuntimeGrid:None EditorOnly:0 RuntimeOnly:0 HLODRelevant:1
 |   |   |- Guid:03900DAD4395FF31F9B7468CDF1CE731 BaseClass: NativeClass:/Script/Engine.StaticMeshActor Name:StaticMeshActor_UAID_84144DCF0430B2A101_1249131551 Label:Corridor_Palace_WallShort_200_Flat11 SpatiallyLoaded:1 Bounds:IsValid=true, Min=(X=1016.825 Y=3606.696 Z=2483.158), Max=(X=1468.549 Y=3679.738 Z=3086.627) RuntimeGrid:None EditorOnly:0 RuntimeOnly:0 HLODRelevant:1
 |   |   |- Guid:081441B348D8E7C5DE82DA9BD65B3966 BaseClass: NativeClass:/Script/Engine.StaticMeshActor Name:StaticMeshActor_UAID_84144DCF0430B1A101_2011662354 Label:Palace_CorridorWall_Special_1200 SpatiallyLoaded:1 Bounds:IsValid=true, Min=(X=-1470.590 Y=3311.277 Z=1601.863), Max=(X=-269.410 Y=3676.768 Z=4141.792) RuntimeGrid:None EditorOnly:0 RuntimeOnly:0 HLODRelevant:1
 |   |   |- Guid:0941A80A42E9579229C422A2856D6D73 BaseClass: NativeClass:/Script/Engine.StaticMeshActor Name:StaticMeshActor_UAID_84144DCF0430B2A101_1252725555 Label:Corridor_Palace_WallShort_200_Flat14 SpatiallyLoaded:1 Bounds:IsValid=true, Min=(X=1446.825 Y=3606.696 Z=2483.158), Max=(X=1898.549 Y=3679.738 Z=3086.627) RuntimeGrid:None EditorOnly:0 RuntimeOnly:0 HLODRelevant:1
 |   |   |- Guid:0945045447208385C922B5AA43D883A4 BaseClass: NativeClass:/Script/Engine.StaticMeshActor Name:StaticMeshActor_UAID_84144DCF0430B0A101_1332065159 Label:CorridorA_Floor_3X3 SpatiallyLoaded:1 Bounds:IsValid=true, Min=(X=3696.898 Y=2336.730 Z=2061.169), Max=(X=4323.430 Y=2962.855 Z=2120.000) RuntimeGrid:None EditorOnly:0 RuntimeOnly:0 HLODRelevant:1
 |   |   |- Guid:10A5831A45D73676AB612BAEC0033211 BaseClass: NativeClass:/Script/Engine.StaticMeshActor Name:StaticMeshActor_UAID_84144DCF0430B2A101_1262366566 Label:Corridor_Palace_WallShort_200_Flat22 SpatiallyLoaded:1 Bounds:IsValid=true, Min=(X=2826.825 Y=3606.696 Z=1893.158), Max=(X=3278.549 Y=3679.738 Z=2496.627) RuntimeGrid:None EditorOnly:0 RuntimeOnly:0 HLODRelevant:1
 |   |   |- Guid:15C41E38449CD6AA4079708394F57048 BaseClass: NativeClass:/Script/Engine.StaticMeshActor Name:StaticMeshActor_UAID_84144DCF0430B2A101_1339850570 Label:Corridor_Palace_WallShort_200_Flat25 SpatiallyLoaded:1 Bounds:IsValid=true, Min=(X=2746.814 Y=1220.262 Z=1893.158), Max=(X=3311.468 Y=1293.304 Z=2496.627) RuntimeGrid:None EditorOnly:0 RuntimeOnly:0 HLODRelevant:1
 |   |   |- Guid:175BEF494815CABE1DB3ECABD2882117 BaseClass: NativeClass:/Script/Engine.StaticMeshActor Name:StaticMeshActor_UAID_84144DCF0430B0A101_1359728160 Label:CorridorA_Floor_3X4 SpatiallyLoaded:1 Bounds:IsValid=true, Min=(X=3706.898 Y=3446.730 Z=2351.169), Max=(X=4333.430 Y=4072.855 Z=2410.000) RuntimeGrid:None EditorOnly:0 RuntimeOnly:0 HLODRelevant:1
 |   |   |- Guid:1D5B100E4EA7AF415FB17197359EBE7E BaseClass: NativeClass:/Script/Engine.StaticMeshActor Name:StaticMeshActor_UAID_84144DCF0430B2A101_1259536564 Label:Corridor_Palace_WallShort_200_Flat21 SpatiallyLoaded:1 Bounds:IsValid=true, Min=(X=2366.825 Y=3606.696 Z=3083.158), Max=(X=2818.549 Y=3679.738 Z=3686.627) RuntimeGrid:None EditorOnly:0 RuntimeOnly:0 HLODRelevant:1
 |   |   |- Guid:1D82AC40482A8CD70A4C60B424425E99 BaseClass:/Game/Assets/LearningKitAssets/Hour_of_Code/Blueprints/BP_checkpoint.BP_checkpoint_C NativeClass:/Script/Engine.Actor Name:BP_checkpoint_C_UAID_84144DCF0430B0A101_2008767168 Label:BP_checkpoint2 SpatiallyLoaded:1 Bounds:IsValid=true, Min=(X=10721.388 Y=2320.000 Z=2321.383), Max=(X=11030.000 Y=2480.000 Z=2572.851) RuntimeGrid:None EditorOnly:0 RuntimeOnly:0 HLODRelevant:0
 |   |   |- Guid:1E62327C4745E181C25413A232E87947 BaseClass: NativeClass:/Script/Engine.StaticMeshActor Name:StaticMeshActor_UAID_84144DCF0430B0A101_1392905162 Label:CorridorA_Floor_3X6 SpatiallyLoaded:1 Bounds:IsValid=true, Min=(X=4876.898 Y=4486.730 Z=2731.169), Max=(X=5503.430 Y=5112.855 Z=2790.000) RuntimeGrid:None EditorOnly:0 RuntimeOnly:0 HLODRelevant:1
 |   |   |- Guid:27B1BFF84C53E7F73B8A858FA53EC495 BaseClass: NativeClass:/Script/Engine.StaticMeshActor Name:StaticMeshActor_UAID_84144DCF0430B1A101_1936256349 Label:Palace_CorridorWall_Blank_1200 SpatiallyLoaded:1 Bounds:IsValid=true, Min=(X=-1613.055 Y=1249.410 Z=1611.863), Max=(X=-1497.102 Y=2450.590 Z=4151.792) RuntimeGrid:None EditorOnly:0 RuntimeOnly:0 HLODRelevant:1
 |   |   |- Guid:2FB58999456391D349DC0F86DAC136ED BaseClass: NativeClass:/Script/Engine.SkyLight Name:SkyLight_1 Label:SkyLight SpatiallyLoaded:0 Bounds:IsValid=true, Min=(X=0.000 Y=0.000 Z=690.000), Max=(X=0.000 Y=0.000 Z=690.000) RuntimeGrid:None EditorOnly:0 RuntimeOnly:0 HLODRelevant:0 FolderPath:Lighting FolderGuid:963EC3EB4002CCE9759E2EBA541A873A
 |   |   |- Guid:310D0BE54CD7A8D656E21C88F504C670 BaseClass: NativeClass:/Script/Engine.StaticMeshActor Name:StaticMeshActor_UAID_84144DCF0430B2A101_1205217541 Label:Corridor_Palace_WallShort_200 SpatiallyLoaded:1 Bounds:IsValid=true, Min=(X=-282.167 Y=3606.696 Z=3671.579), Max=(X=191.824 Y=3686.852 Z=4045.922) RuntimeGrid:None EditorOnly:0 RuntimeOnly:0 HLODRelevant:1
 |   |   |- Guid:316CF2A6494ACA4C0E4180A87D36AB8F BaseClass: NativeClass:/Script/Engine.ExponentialHeightFog Name:ExponentialHeightFog_0 Label:ExponentialHeightFog SpatiallyLoaded:0 Bounds:IsValid=true, Min=(X=-5600.000 Y=-50.000 Z=-6850.000), Max=(X=-5600.000 Y=-50.000 Z=-6850.000) RuntimeGrid:None EditorOnly:0 RuntimeOnly:0 HLODRelevant:0 FolderPath:Lighting FolderGuid:963EC3EB4002CCE9759E2EBA541A873A
 |   |   |- Guid:3345B6FC482D16AB1790248952E276EF BaseClass: NativeClass:/Script/Engine.StaticMeshActor Name:StaticMeshActor_UAID_84144DCF0430B0A101_1448282166 Label:CorridorA_Floor_3X10 SpatiallyLoaded:1 Bounds:IsValid=true, Min=(X=8536.898 Y=3616.730 Z=2361.169), Max=(X=9163.430 Y=4242.855 Z=2420.000) RuntimeGrid:None EditorOnly:0 RuntimeOnly:0 HLODRelevant:1
 |   |   |- Guid:367817E54831750839E45380F2EFEA61 BaseClass: NativeClass:/Script/Engine.StaticMeshActor Name:StaticMeshActor_UAID_84144DCF0430B2A101_1259537565 Label:Corridor_Palace_WallShort_206 SpatiallyLoaded:1 Bounds:IsValid=true, Min=(X=2357.833 Y=3606.696 Z=3671.579), Max=(X=2831.824 Y=3686.852 Z=4045.922) RuntimeGrid:None EditorOnly:0 RuntimeOnly:0 HLODRelevant:1
 |   |   |- Guid:374F62AE4353C8246A4F498CF16A89DE BaseClass: NativeClass:/Script/Engine.StaticMeshActor Name:StaticMeshActor_UAID_84144DCF0430B2A101_1184982539 Label:Corridor_Palace_WallShort_200_Flat2 SpatiallyLoaded:1 Bounds:IsValid=true, Min=(X=-273.175 Y=3606.696 Z=2483.158), Max=(X=178.549 Y=3679.738 Z=3086.627) RuntimeGrid:None EditorOnly:0 RuntimeOnly:0 HLODRelevant:1
 |   |   |- Guid:3867CF2B4F4E5681690FF0872BFD50CD BaseClass: NativeClass:/Script/Engine.StaticMeshActor Name:StaticMeshActor_UAID_84144DCF0430B2A101_1339868589 Label:Corridor_Palace_WallShort_212 SpatiallyLoaded:1 Bounds:IsValid=true, Min=(X=467.721 Y=1213.148 Z=3671.579), Max=(X=1060.209 Y=1293.304 Z=4045.922) RuntimeGrid:None EditorOnly:0 RuntimeOnly:0 HLODRelevant:1
 |   |   |- Guid:3947F8F24D90BE406083E4A27FE8FE31 BaseClass: NativeClass:/Script/Engine.StaticMeshActor Name:StaticMeshActor_UAID_84144DCF0430B2A101_1115982534 Label:Whip_Point_Post_Double SpatiallyLoaded:1 Bounds:IsValid=true, Min=(X=2128.827 Y=1524.751 Z=1896.256), Max=(X=2167.631 Y=2322.693 Z=2852.396) RuntimeGrid:None EditorOnly:0 RuntimeOnly:0 HLODRelevant:1
 |   |   |- Guid:3A2865BC4FD7C94D9448D78B5855CF5A BaseClass: NativeClass:/Script/Engine.StaticMeshActor Name:StaticMeshActor_UAID_84144DCF0430B2A101_1339863583 Label:Corridor_Palace_WallShort_200_Flat35 SpatiallyLoaded:1 Bounds:IsValid=true, Min=(X=1059.314 Y=1220.262 Z=2483.158), Max=(X=1623.968 Y=1293.304 Z=3086.627) RuntimeGrid:None EditorOnly:0 RuntimeOnly:0 HLODRelevant:1
 |   |   |- Guid:3A630C2246DAE4E1019A3793D9ABF881 BaseClass: NativeClass:/Script/Engine.StaticMeshActor Name:StaticMeshActor_UAID_84144DCF0430B2A101_1249133553 Label:Corridor_Palace_WallShort_203 SpatiallyLoaded:1 Bounds:IsValid=true, Min=(X=1007.833 Y=3606.696 Z=3671.579), Max=(X=1481.824 Y=3686.852 Z=4045.922) RuntimeGrid:None EditorOnly:0 RuntimeOnly:0 HLODRelevant:1
 |   |   |- Guid:3E1D1D96488F4321C2ED23AB8D97CFDE BaseClass: NativeClass:/Script/Engine.StaticMeshActor Name:StaticMeshActor_UAID_84144DCF0430B2A101_1339861582 Label:Corridor_Palace_WallShort_200_Flat34 SpatiallyLoaded:1 Bounds:IsValid=true, Min=(X=1059.314 Y=1220.262 Z=1893.158), Max=(X=1623.968 Y=1293.304 Z=2496.627) RuntimeGrid:None EditorOnly:0 RuntimeOnly:0 HLODRelevant:1
 |   |   |- Guid:3F5341D44FCA8963227430994FDA1A80 BaseClass: NativeClass:/Script/Engine.StaticMeshActor Name:StaticMeshActor_UAID_84144DCF0430B2A101_1240279545 Label:Corridor_Palace_WallShort_201 SpatiallyLoaded:1 Bounds:IsValid=true, Min=(X=127.833 Y=3606.696 Z=3671.579), Max=(X=601.824 Y=3686.852 Z=4045.922) RuntimeGrid:None EditorOnly:0 RuntimeOnly:0 HLODRelevant:1
 |   |   |- Guid:4588B006461CA413A5F8D789945DCE25 BaseClass: NativeClass:/Script/Engine.StaticMeshActor Name:StaticMeshActor_UAID_84144DCF0430B2A101_1195843540 Label:Corridor_Palace_WallShort_200_Flat3 SpatiallyLoaded:1 Bounds:IsValid=true, Min=(X=-273.175 Y=3606.696 Z=3083.158), Max=(X=178.549 Y=3679.738 Z=3686.627) RuntimeGrid:None EditorOnly:0 RuntimeOnly:0 HLODRelevant:1
 |   |   |- Guid:475161874B874A46D776F4A2DBC89848 BaseClass: NativeClass:/Script/Engine.StaticMeshActor Name:StaticMeshActor_UAID_84144DCF0430B2A101_1256650560 Label:Corridor_Palace_WallShort_200_Flat18 SpatiallyLoaded:1 Bounds:IsValid=true, Min=(X=1906.825 Y=3606.696 Z=3083.158), Max=(X=2358.549 Y=3679.738 Z=3686.627) RuntimeGrid:None EditorOnly:0 RuntimeOnly:0 HLODRelevant:1
 |   |   |- Guid:4B0AA567469586D0C166D987389D3B60 BaseClass: NativeClass:/Script/Engine.StaticMeshActor Name:StaticMeshActor_UAID_84144DCF0430B2A101_1252727557 Label:Corridor_Palace_WallShort_204 SpatiallyLoaded:1 Bounds:IsValid=true, Min=(X=1437.833 Y=3606.696 Z=3671.579), Max=(X=1911.824 Y=3686.852 Z=4045.922) RuntimeGrid:None EditorOnly:0 RuntimeOnly:0 HLODRelevant:1
 |   |   |- Guid:4D32152C4BAE63B068370D897C098F51 BaseClass: NativeClass:/Script/Engine.StaticMeshActor Name:StaticMeshActor_UAID_84144DCF0430B2A101_1339854573 Label:Corridor_Palace_WallShort_208 SpatiallyLoaded:1 Bounds:IsValid=true, Min=(X=2730.221 Y=1213.147 Z=3671.579), Max=(X=3322.709 Y=1293.304 Z=4045.922) RuntimeGrid:None EditorOnly:0 RuntimeOnly:0 HLODRelevant:1
 |   |   |- Guid:4D3BE93F4146AAAC8BBE79999D96D57F BaseClass: NativeClass:/Script/Engine.VolumetricCloud Name:VolumetricCloud_0 Label:VolumetricCloud SpatiallyLoaded:0 Bounds:IsValid=true, Min=(X=0.000 Y=0.000 Z=820.000), Max=(X=0.000 Y=0.000 Z=820.000) RuntimeGrid:None EditorOnly:0 RuntimeOnly:0 HLODRelevant:0 FolderPath:Lighting FolderGuid:963EC3EB4002CCE9759E2EBA541A873A
 |   |   |- Guid:4DF62DD449364E92024F449DE1D7E444 BaseClass: NativeClass:/Script/Engine.StaticMeshActor Name:StaticMeshActor_UAID_84144DCF0430B1A101_2137045357 Label:Skyline SpatiallyLoaded:1 Bounds:IsValid=true, Min=(X=3408.727 Y=-7591.003 Z=-6230.388), Max=(X=19813.633 Y=-1891.074 Z=5087.176) RuntimeGrid:None EditorOnly:0 RuntimeOnly:0 HLODRelevant:1
 |   |   |- Guid:515660AC48383F0A1AA26CAD559D2994 BaseClass: NativeClass:/Script/Engine.StaticMeshActor Name:StaticMeshActor_UAID_84144DCF0430B1A101_1963414350 Label:Palace_CorridorWall_Blank_1201 SpatiallyLoaded:1 Bounds:IsValid=true, Min=(X=-1613.055 Y=2449.410 Z=1611.863), Max=(X=-1497.102 Y=3650.590 Z=4151.792) RuntimeGrid:None EditorOnly:0 RuntimeOnly:0 HLODRelevant:1
 |   |   |- Guid:53D28DDD4314F72F880970A545D1408F BaseClass: NativeClass:/Script/Engine.StaticMeshActor Name:StaticMeshActor_UAID_84144DCF0430B2A101_1339866587 Label:Corridor_Palace_WallShort_200_Flat38 SpatiallyLoaded:1 Bounds:IsValid=true, Min=(X=484.314 Y=1220.262 Z=2483.158), Max=(X=1048.968 Y=1293.304 Z=3086.627) RuntimeGrid:None EditorOnly:0 RuntimeOnly:0 HLODRelevant:1
 |   |   |- Guid:5B578BE44C1FF3E927FFA8A132624C1A BaseClass: NativeClass:/Script/Engine.StaticMeshActor Name:StaticMeshActor_UAID_84144DCF0430B2A101_1249129550 Label:Corridor_Palace_WallShort_200_Flat10 SpatiallyLoaded:1 Bounds:IsValid=true, Min=(X=1016.825 Y=3606.696 Z=1893.158), Max=(X=1468.549 Y=3679.738 Z=2496.627) RuntimeGrid:None EditorOnly:0 RuntimeOnly:0 HLODRelevant:1
 |   |   |- Guid:5B7BBC0E4E12F0744DC811AFCC4BA11C BaseClass: NativeClass:/Script/Engine.StaticMeshActor Name:StaticMeshActor_UAID_84144DCF0430B2A101_1165512538 Label:Corridor_Palace_WallShort_200_Flat SpatiallyLoaded:1 Bounds:IsValid=true, Min=(X=-273.175 Y=3606.696 Z=1893.158), Max=(X=178.549 Y=3679.738 Z=2496.627) RuntimeGrid:None EditorOnly:0 RuntimeOnly:0 HLODRelevant:1
 |   |   |- Guid:637A25D64AC2F75363BE4986FF2ED595 BaseClass: NativeClass:/Script/Engine.StaticMeshActor Name:StaticMeshActor_UAID_84144DCF0430B0A101_1378619161 Label:CorridorA_Floor_3X5 SpatiallyLoaded:1 Bounds:IsValid=true, Min=(X=3706.898 Y=4486.730 Z=2731.169), Max=(X=4333.430 Y=5112.855 Z=2790.000) RuntimeGrid:None EditorOnly:0 RuntimeOnly:0 HLODRelevant:1
 |   |   |- Guid:6B38DA244CE03D974AE71492CDCA9823 BaseClass: NativeClass:/Script/Engine.StaticMeshActor Name:StaticMeshActor_UAID_84144DCF0430B2A101_1339864584 Label:Corridor_Palace_WallShort_200_Flat36 SpatiallyLoaded:1 Bounds:IsValid=true, Min=(X=1059.314 Y=1220.262 Z=3083.158), Max=(X=1623.968 Y=1293.304 Z=3686.627) RuntimeGrid:None EditorOnly:0 RuntimeOnly:0 HLODRelevant:1
 |   |   |- Guid:6BAF4DDD444C60371492D3919DB42C97 BaseClass: NativeClass:/Script/Engine.WorldDataLayers Name:WorldDataLayers Label:WorldDataLayers SpatiallyLoaded:0 Bounds:IsValid=true, Min=(X=0.000 Y=0.000 Z=0.000), Max=(X=0.000 Y=0.000 Z=0.000) RuntimeGrid:None EditorOnly:0 RuntimeOnly:0 HLODRelevant:0
 |   |   |- Guid:6D3D3FFF4F64E10C3F7103862CE14BAD BaseClass: NativeClass:/Script/Engine.StaticMeshActor Name:StaticMeshActor_UAID_84144DCF0430B2A101_1339867588 Label:Corridor_Palace_WallShort_200_Flat39 SpatiallyLoaded:1 Bounds:IsValid=true, Min=(X=484.314 Y=1220.262 Z=3083.158), Max=(X=1048.968 Y=1293.304 Z=3686.627) RuntimeGrid:None EditorOnly:0 RuntimeOnly:0 HLODRelevant:1
 |   |   |- Guid:751C404D4CE8EAEF3EF06199630FA1EC BaseClass: NativeClass:/Script/Engine.StaticMeshActor Name:StaticMeshActor_UAID_84144DCF0430B2A101_1256647558 Label:Corridor_Palace_WallShort_200_Flat16 SpatiallyLoaded:1 Bounds:IsValid=true, Min=(X=1906.825 Y=3606.696 Z=1893.158), Max=(X=2358.549 Y=3679.738 Z=2496.627) RuntimeGrid:None EditorOnly:0 RuntimeOnly:0 HLODRelevant:1
 |   |   |- Guid:7AB9CB964AB0D3A8154540BCF65C37B4 BaseClass: NativeClass:/Script/Engine.StaticMeshActor Name:StaticMeshActor_UAID_84144DCF0430AFA101_2121570980 Label:Room_Palace01_Ceiling_400 SpatiallyLoaded:1 Bounds:IsValid=true, Min=(X=-1520.000 Y=1270.000 Z=1784.189), Max=(X=3280.000 Y=3670.000 Z=1910.079) RuntimeGrid:None EditorOnly:0 RuntimeOnly:0 HLODRelevant:1
 |   |   |- Guid:7E748E6348BD8EF1DF362C940DB4622F BaseClass: NativeClass:/Script/Engine.StaticMeshActor Name:StaticMeshActor_UAID_84144DCF0430B2A101_1339860581 Label:Corridor_Palace_WallShort_210 SpatiallyLoaded:1 Bounds:IsValid=true, Min=(X=1617.721 Y=1213.148 Z=3671.579), Max=(X=2210.209 Y=1293.304 Z=4045.922) RuntimeGrid:None EditorOnly:0 RuntimeOnly:0 HLODRelevant:1
 |   |   |- Guid:7F2C79A04681707A4C8420A88B42D531 BaseClass: NativeClass:/Script/Engine.StaticMeshActor Name:StaticMeshActor_UAID_84144DCF0430B2A101_1240278544 Label:Corridor_Palace_WallShort_200_Flat6 SpatiallyLoaded:1 Bounds:IsValid=true, Min=(X=136.825 Y=3606.696 Z=3083.158), Max=(X=588.549 Y=3679.738 Z=3686.627) RuntimeGrid:None EditorOnly:0 RuntimeOnly:0 HLODRelevant:1
 |   |   |- Guid:7F4902B64FFDD36B4AC8DDB549DF30A1 BaseClass: NativeClass:/Script/Engine.StaticMeshActor Name:StaticMeshActor_UAID_84144DCF0430B2A101_1244360549 Label:Corridor_Palace_WallShort_202 SpatiallyLoaded:1 Bounds:IsValid=true, Min=(X=567.833 Y=3606.696 Z=3671.579), Max=(X=1041.824 Y=3686.852 Z=4045.922) RuntimeGrid:None EditorOnly:0 RuntimeOnly:0 HLODRelevant:1
 |   |   |- Guid:7FE4FE314AC28E291476C28E651D2EA9 BaseClass: NativeClass:/Script/Engine.StaticMeshActor Name:StaticMeshActor_UAID_84144DCF0430B2A101_1256649559 Label:Corridor_Palace_WallShort_200_Flat17 SpatiallyLoaded:1 Bounds:IsValid=true, Min=(X=1906.825 Y=3606.696 Z=2483.158), Max=(X=2358.549 Y=3679.738 Z=3086.627) RuntimeGrid:None EditorOnly:0 RuntimeOnly:0 HLODRelevant:1
 |   |   |- Guid:8244617542924A1BFE4B55B08AED2157 BaseClass: NativeClass:/Script/Engine.StaticMeshActor Name:StaticMeshActor_UAID_84144DCF0430B2A101_1259535563 Label:Corridor_Palace_WallShort_200_Flat20 SpatiallyLoaded:1 Bounds:IsValid=true, Min=(X=2366.825 Y=3606.696 Z=2483.158), Max=(X=2818.549 Y=3679.738 Z=3086.627) RuntimeGrid:None EditorOnly:0 RuntimeOnly:0 HLODRelevant:1
 |   |   |- Guid:84C91CA74657617EFF63D8A6FA711146 BaseClass: NativeClass:/Script/Engine.StaticMeshActor Name:StaticMeshActor_UAID_84144DCF0430B2A101_1244359548 Label:Corridor_Palace_WallShort_200_Flat9 SpatiallyLoaded:1 Bounds:IsValid=true, Min=(X=576.825 Y=3606.696 Z=3083.158), Max=(X=1028.549 Y=3679.738 Z=3686.627) RuntimeGrid:None EditorOnly:0 RuntimeOnly:0 HLODRelevant:1
 |   |   |- Guid:8586F0734C5F312368F7BC8E6EBB0D81 BaseClass: NativeClass:/Script/Engine.StaticMeshActor Name:StaticMeshActor_UAID_84144DCF0430B2A101_1339859579 Label:Corridor_Palace_WallShort_200_Flat32 SpatiallyLoaded:1 Bounds:IsValid=true, Min=(X=1634.314 Y=1220.262 Z=2483.158), Max=(X=2198.968 Y=1293.304 Z=3086.627) RuntimeGrid:None EditorOnly:0 RuntimeOnly:0 HLODRelevant:1
 |   |   |- Guid:865734FF4BBC4E635567DC8CD5C05CE5 BaseClass: NativeClass:/Script/Engine.StaticMeshActor Name:StaticMeshActor_UAID_84144DCF0430B2A101_1339865586 Label:Corridor_Palace_WallShort_200_Flat37 SpatiallyLoaded:1 Bounds:IsValid=true, Min=(X=484.314 Y=1220.262 Z=1893.158), Max=(X=1048.968 Y=1293.304 Z=2496.627) RuntimeGrid:None EditorOnly:0 RuntimeOnly:0 HLODRelevant:1
 |   |   |- Guid:8C00B7CC4F36B9212C8A4ABBD63E8879 BaseClass: NativeClass:/Script/Engine.StaticMeshActor Name:StaticMeshActor_UAID_84144DCF0430B2A101_1262370569 Label:Corridor_Palace_WallShort_207 SpatiallyLoaded:1 Bounds:IsValid=true, Min=(X=2817.833 Y=3606.696 Z=3671.579), Max=(X=3291.824 Y=3686.852 Z=4045.922) RuntimeGrid:None EditorOnly:0 RuntimeOnly:0 HLODRelevant:1
 |   |   |- Guid:8EB202A341A0B061E2ECDD91820FE27B BaseClass: NativeClass:/Script/Engine.StaticMeshActor Name:StaticMeshActor_UAID_84144DCF0430B2A101_1252723554 Label:Corridor_Palace_WallShort_200_Flat13 SpatiallyLoaded:1 Bounds:IsValid=true, Min=(X=1446.825 Y=3606.696 Z=1893.158), Max=(X=1898.549 Y=3679.738 Z=2496.627) RuntimeGrid:None EditorOnly:0 RuntimeOnly:0 HLODRelevant:1
 |   |   |- Guid:8EBE649747AEA59DAFB4BB8253F9BA04 BaseClass: NativeClass:/Script/Engine.StaticMeshActor Name:StaticMeshActor_UAID_84144DCF0430B2A101_1339856575 Label:Corridor_Palace_WallShort_200_Flat29 SpatiallyLoaded:1 Bounds:IsValid=true, Min=(X=2209.314 Y=1220.262 Z=2483.158), Max=(X=2773.968 Y=1293.304 Z=3086.627) RuntimeGrid:None EditorOnly:0 RuntimeOnly:0 HLODRelevant:1
 |   |   |- Guid:92D89746491CB710A381DCBE0650F5DC BaseClass: NativeClass:/Script/Engine.StaticMeshActor Name:StaticMeshActor_UAID_84144DCF0430B2A101_1240275542 Label:Corridor_Palace_WallShort_200_Flat4 SpatiallyLoaded:1 Bounds:IsValid=true, Min=(X=136.825 Y=3606.696 Z=1893.158), Max=(X=588.549 Y=3679.738 Z=2496.627) RuntimeGrid:None EditorOnly:0 RuntimeOnly:0 HLODRelevant:1
 |   |   |- Guid:999DCF21454EFAE10FF17FAF373DE865 BaseClass: NativeClass:/Script/Engine.StaticMeshActor Name:StaticMeshActor_UAID_84144DCF0430B2A101_1249132552 Label:Corridor_Palace_WallShort_200_Flat12 SpatiallyLoaded:1 Bounds:IsValid=true, Min=(X=1016.825 Y=3606.696 Z=3083.158), Max=(X=1468.549 Y=3679.738 Z=3686.627) RuntimeGrid:None EditorOnly:0 RuntimeOnly:0 HLODRelevant:1
 |   |   |- Guid:9B55D20140F7474D7EDBBFA3B84DC883 BaseClass: NativeClass:/Script/Engine.StaticMeshActor Name:StaticMeshActor_UAID_84144DCF0430B2A101_1256651561 Label:Corridor_Palace_WallShort_205 SpatiallyLoaded:1 Bounds:IsValid=true, Min=(X=1897.833 Y=3606.696 Z=3671.579), Max=(X=2371.824 Y=3686.852 Z=4045.922) RuntimeGrid:None EditorOnly:0 RuntimeOnly:0 HLODRelevant:1
 |   |   |- Guid:9D5E712E4F0DA8F9FA1847BF19ADA255 BaseClass: NativeClass:/Script/Engine.PlayerStart Name:PlayerStart_UAID_84144DCF0430B1A101_1603753345 Label:PlayerStart SpatiallyLoaded:0 Bounds:IsValid=true, Min=(X=360.000 Y=2720.000 Z=1968.000), Max=(X=440.000 Y=2800.000 Z=2152.000) RuntimeGrid:None EditorOnly:0 RuntimeOnly:0 HLODRelevant:0
 |   |   |- Guid:ABE9D238425A8145497CA7900721095E BaseClass: NativeClass:/Script/Engine.StaticMeshActor Name:StaticMeshActor_UAID_84144DCF0430B2A101_1339858578 Label:Corridor_Palace_WallShort_200_Flat31 SpatiallyLoaded:1 Bounds:IsValid=true, Min=(X=1634.314 Y=1220.262 Z=1893.158), Max=(X=2198.968 Y=1293.304 Z=2496.627) RuntimeGrid:None EditorOnly:0 RuntimeOnly:0 HLODRelevant:1
 |   |   |- Guid:AE9270B44649BF7C9AC8D48F14A575A1 BaseClass: NativeClass:/Script/Engine.StaticMeshActor Name:StaticMeshActor_UAID_84144DCF0430B2A101_1339860580 Label:Corridor_Palace_WallShort_200_Flat33 SpatiallyLoaded:1 Bounds:IsValid=true, Min=(X=1634.314 Y=1220.262 Z=3083.158), Max=(X=2198.968 Y=1293.304 Z=3686.627) RuntimeGrid:None EditorOnly:0 RuntimeOnly:0 HLODRelevant:1
 |   |   |- Guid:AF90174E47DCAB846FF2F2B81BB7B88C BaseClass: NativeClass:/Script/Engine.StaticMeshActor Name:StaticMeshActor_UAID_84144DCF0430B0A101_1438174165 Label:CorridorA_Floor_3X9 SpatiallyLoaded:1 Bounds:IsValid=true, Min=(X=8536.898 Y=4486.730 Z=2731.169), Max=(X=9163.430 Y=5112.855 Z=2790.000) RuntimeGrid:None EditorOnly:0 RuntimeOnly:0 HLODRelevant:1
 |   |   |- Guid:B6D342ED46A00E426EE3D9A329F11F78 BaseClass: NativeClass:/Script/Engine.StaticMeshActor Name:StaticMeshActor_UAID_84144DCF0430B2A101_1252726556 Label:Corridor_Palace_WallShort_200_Flat15 SpatiallyLoaded:1 Bounds:IsValid=true, Min=(X=1446.825 Y=3606.696 Z=3083.158), Max=(X=1898.549 Y=3679.738 Z=3686.627) RuntimeGrid:None EditorOnly:0 RuntimeOnly:0 HLODRelevant:1
 |   |   |- Guid:B77E8B434D33E574F9A05DB4A0B2737A BaseClass: NativeClass:/Script/Engine.StaticMeshActor Name:StaticMeshActor_UAID_84144DCF0430B2A101_1244359547 Label:Corridor_Palace_WallShort_200_Flat8 SpatiallyLoaded:1 Bounds:IsValid=true, Min=(X=576.825 Y=3606.696 Z=2483.158), Max=(X=1028.549 Y=3679.738 Z=3086.627) RuntimeGrid:None EditorOnly:0 RuntimeOnly:0 HLODRelevant:1
 |   |   |- Guid:B785ED2844B84CFB91E7F39FE661CD99 BaseClass: NativeClass:/Script/Engine.DirectionalLight Name:DirectionalLight_0 Label:DirectionalLight SpatiallyLoaded:0 Bounds:IsValid=true, Min=(X=-1048576.000 Y=-1048576.000 Z=-1048576.000), Max=(X=1048576.000 Y=1048576.000 Z=1048576.000) RuntimeGrid:None EditorOnly:0 RuntimeOnly:0 HLODRelevant:0 FolderPath:Lighting FolderGuid:963EC3EB4002CCE9759E2EBA541A873A
 |   |   |- Guid:BC13A78642FB60953144CA86EB4F00B4 BaseClass: NativeClass:/Script/Engine.StaticMeshActor Name:StaticMeshActor_UAID_84144DCF0430B2A101_1262369568 Label:Corridor_Palace_WallShort_200_Flat24 SpatiallyLoaded:1 Bounds:IsValid=true, Min=(X=2826.825 Y=3606.696 Z=3083.158), Max=(X=3278.549 Y=3679.738 Z=3686.627) RuntimeGrid:None EditorOnly:0 RuntimeOnly:0 HLODRelevant:1
 |   |   |- Guid:CCFF262C46EEFFDF319E7F9539CE697E BaseClass: NativeClass:/Script/Engine.SkyAtmosphere Name:SkyAtmosphere_0 Label:SkyAtmosphere SpatiallyLoaded:0 Bounds:IsValid=true, Min=(X=0.000 Y=0.000 Z=1020.000), Max=(X=0.000 Y=0.000 Z=1020.000) RuntimeGrid:None EditorOnly:0 RuntimeOnly:0 HLODRelevant:0 FolderPath:Lighting FolderGuid:963EC3EB4002CCE9759E2EBA541A873A
 |   |   |- Guid:CE01A7C841372715CF0621A9AF1E1558 BaseClass: NativeClass:/Script/Engine.StaticMeshActor Name:StaticMeshActor_UAID_84144DCF0430B0A101_1425374163 Label:CorridorA_Floor_3X7 SpatiallyLoaded:1 Bounds:IsValid=true, Min=(X=6136.898 Y=4486.730 Z=2731.169), Max=(X=6763.430 Y=5112.855 Z=2790.000) RuntimeGrid:None EditorOnly:0 RuntimeOnly:0 HLODRelevant:1
 |   |   |- Guid:D0F7C49D455DF4BB1D3138B1695A01FD BaseClass: NativeClass:/Script/Engine.StaticMeshActor Name:StaticMeshActor_UAID_84144DCF0430B2A101_1244356546 Label:Corridor_Palace_WallShort_200_Flat7 SpatiallyLoaded:1 Bounds:IsValid=true, Min=(X=576.825 Y=3606.696 Z=1893.158), Max=(X=1028.549 Y=3679.738 Z=2496.627) RuntimeGrid:None EditorOnly:0 RuntimeOnly:0 HLODRelevant:1
 |   |   |- Guid:DACFDE5C471E88FEACC0D7A7B0EE62FC BaseClass: NativeClass:/Script/Engine.StaticMeshActor Name:StaticMeshActor_UAID_84144DCF0430B2A101_1339853572 Label:Corridor_Palace_WallShort_200_Flat27 SpatiallyLoaded:1 Bounds:IsValid=true, Min=(X=2746.814 Y=1220.262 Z=3083.158), Max=(X=3311.468 Y=1293.304 Z=3686.627) RuntimeGrid:None EditorOnly:0 RuntimeOnly:0 HLODRelevant:1
 |   |   |- Guid:DAD50C914BA0BA2170A8E584BE88D540 BaseClass: NativeClass:/Script/Engine.StaticMeshActor Name:StaticMeshActor_UAID_84144DCF0430B2A101_1240277543 Label:Corridor_Palace_WallShort_200_Flat5 SpatiallyLoaded:1 Bounds:IsValid=true, Min=(X=136.825 Y=3606.696 Z=2483.158), Max=(X=588.549 Y=3679.738 Z=3086.627) RuntimeGrid:None EditorOnly:0 RuntimeOnly:0 HLODRelevant:1
 |   |   |- Guid:DD872A0340316C3F41E542A525449703 BaseClass: NativeClass:/Script/Engine.StaticMeshActor Name:StaticMeshActor_UAID_84144DCF0430B2A101_1339864585 Label:Corridor_Palace_WallShort_211 SpatiallyLoaded:1 Bounds:IsValid=true, Min=(X=1042.721 Y=1213.148 Z=3671.579), Max=(X=1635.209 Y=1293.304 Z=4045.922) RuntimeGrid:None EditorOnly:0 RuntimeOnly:0 HLODRelevant:1
 |   |   |- Guid:E0E1A1E44215A46961F0069D5C759413 BaseClass: NativeClass:/Script/Engine.StaticMeshActor Name:StaticMeshActor_UAID_84144DCF0430B2A101_1339856576 Label:Corridor_Palace_WallShort_200_Flat30 SpatiallyLoaded:1 Bounds:IsValid=true, Min=(X=2209.314 Y=1220.262 Z=3083.158), Max=(X=2773.968 Y=1293.304 Z=3686.627) RuntimeGrid:None EditorOnly:0 RuntimeOnly:0 HLODRelevant:1
 |   |   |- Guid:E18F86B8492E7E62CF9379B8D1933760 BaseClass: NativeClass:/Script/Engine.StaticMeshActor Name:StaticMeshActor_UAID_84144DCF0430B2A101_1339852571 Label:Corridor_Palace_WallShort_200_Flat26 SpatiallyLoaded:1 Bounds:IsValid=true, Min=(X=2746.814 Y=1220.262 Z=2483.158), Max=(X=3311.468 Y=1293.304 Z=3086.627) RuntimeGrid:None EditorOnly:0 RuntimeOnly:0 HLODRelevant:1
 |   |   |- Guid:E4A6EE294366A73420C2B6B497534B70 BaseClass: NativeClass:/Script/Engine.StaticMeshActor Name:StaticMeshActor_UAID_84144DCF0430B2A101_1339855574 Label:Corridor_Palace_WallShort_200_Flat28 SpatiallyLoaded:1 Bounds:IsValid=true, Min=(X=2209.314 Y=1220.262 Z=1893.158), Max=(X=2773.968 Y=1293.304 Z=2496.627) RuntimeGrid:None EditorOnly:0 RuntimeOnly:0 HLODRelevant:1
 |   |   |- Guid:EB849D4A418D408D9F28CD8694DA2A29 BaseClass: NativeClass:/Script/Engine.StaticMeshActor Name:StaticMeshActor_UAID_84144DCF0430B1A101_1894690348 Label:Palace_CorridorWall_Special_2400 SpatiallyLoaded:1 Bounds:IsValid=true, Min=(X=-1500.590 Y=1188.112 Z=1621.863), Max=(X=900.590 Y=1599.263 Z=4161.792) RuntimeGrid:None EditorOnly:0 RuntimeOnly:0 HLODRelevant:1
 |   |   |- Guid:EC4E0C944CE6AC6E784BC6BB2916EA13 BaseClass: NativeClass:/Script/Engine.StaticMeshActor Name:StaticMeshActor_UAID_A4AE111137DC5EFB00_1110535423 Label:SM_SkySphere SpatiallyLoaded:0 Bounds:IsValid=true, Min=(X=-1638400.000 Y=-1638400.000 Z=-1638400.000), Max=(X=1638400.000 Y=1638400.000 Z=1638400.000) RuntimeGrid:None EditorOnly:0 RuntimeOnly:0 HLODRelevant:1 FolderPath:Lighting FolderGuid:963EC3EB4002CCE9759E2EBA541A873A
 |   |   |- Guid:EC731EDE4502D8D3C45BECA29D449FCC BaseClass: NativeClass:/Script/Engine.StaticMeshActor Name:StaticMeshActor_UAID_84144DCF0430B2A101_1259533562 Label:Corridor_Palace_WallShort_200_Flat19 SpatiallyLoaded:1 Bounds:IsValid=true, Min=(X=2366.825 Y=3606.696 Z=1893.158), Max=(X=2818.549 Y=3679.738 Z=2496.627) RuntimeGrid:None EditorOnly:0 RuntimeOnly:0 HLODRelevant:1
 |   |   |- Guid:F57C2605496212BFEB466E95576B63B3 BaseClass: NativeClass:/Script/Engine.StaticMeshActor Name:StaticMeshActor_UAID_84144DCF0430B2A101_1339857577 Label:Corridor_Palace_WallShort_209 SpatiallyLoaded:1 Bounds:IsValid=true, Min=(X=2192.721 Y=1213.147 Z=3671.579), Max=(X=2785.209 Y=1293.304 Z=4045.922) RuntimeGrid:None EditorOnly:0 RuntimeOnly:0 HLODRelevant:1
 |   |   |- Guid:F5E3FEB3450C49844FD93DA8E083C8AD BaseClass: NativeClass:/Script/Engine.PostProcessVolume Name:PostProcessVolume_0 Label:PostProcessVolume SpatiallyLoaded:0 Bounds:IsValid=true, Min=(X=0.000 Y=0.000 Z=400.000), Max=(X=200.000 Y=200.000 Z=600.000) RuntimeGrid:None EditorOnly:0 RuntimeOnly:0 HLODRelevant:0 FolderPath:Lighting FolderGuid:963EC3EB4002CCE9759E2EBA541A873A
 |   |   |- Guid:F9E33CBE4624870CC43722B345BE8AC7 BaseClass: NativeClass:/Script/Engine.StaticMeshActor Name:StaticMeshActor_UAID_84144DCF0430B0A101_1430609164 Label:CorridorA_Floor_3X8 SpatiallyLoaded:1 Bounds:IsValid=true, Min=(X=7336.898 Y=4486.730 Z=2731.169), Max=(X=7963.430 Y=5112.855 Z=2790.000) RuntimeGrid:None EditorOnly:0 RuntimeOnly:0 HLODRelevant:1
 |   |- [+] Clusters:
 |   |   |- [+] [  0]
 |   |   |   |- Guid:6BAF4DDD444C60371492D3919DB42C97 BaseClass: NativeClass:/Script/Engine.WorldDataLayers Name:WorldDataLayers Label:WorldDataLayers SpatiallyLoaded:0 Bounds:IsValid=true, Min=(X=0.000 Y=0.000 Z=0.000), Max=(X=0.000 Y=0.000 Z=0.000) RuntimeGrid:None EditorOnly:0 RuntimeOnly:0 HLODRelevant:0
 |   |   |- [+] [  1]
 |   |   |   |- Guid:F5E3FEB3450C49844FD93DA8E083C8AD BaseClass: NativeClass:/Script/Engine.PostProcessVolume Name:PostProcessVolume_0 Label:PostProcessVolume SpatiallyLoaded:0 Bounds:IsValid=true, Min=(X=0.000 Y=0.000 Z=400.000), Max=(X=200.000 Y=200.000 Z=600.000) RuntimeGrid:None EditorOnly:0 RuntimeOnly:0 HLODRelevant:0 FolderPath:Lighting FolderGuid:963EC3EB4002CCE9759E2EBA541A873A
 |   |   |- [+] [  2]
 |   |   |   |- Guid:4D3BE93F4146AAAC8BBE79999D96D57F BaseClass: NativeClass:/Script/Engine.VolumetricCloud Name:VolumetricCloud_0 Label:VolumetricCloud SpatiallyLoaded:0 Bounds:IsValid=true, Min=(X=0.000 Y=0.000 Z=820.000), Max=(X=0.000 Y=0.000 Z=820.000) RuntimeGrid:None EditorOnly:0 RuntimeOnly:0 HLODRelevant:0 FolderPath:Lighting FolderGuid:963EC3EB4002CCE9759E2EBA541A873A
 |   |   |- [+] [  3]
 |   |   |   |- Guid:CCFF262C46EEFFDF319E7F9539CE697E BaseClass: NativeClass:/Script/Engine.SkyAtmosphere Name:SkyAtmosphere_0 Label:SkyAtmosphere SpatiallyLoaded:0 Bounds:IsValid=true, Min=(X=0.000 Y=0.000 Z=1020.000), Max=(X=0.000 Y=0.000 Z=1020.000) RuntimeGrid:None EditorOnly:0 RuntimeOnly:0 HLODRelevant:0 FolderPath:Lighting FolderGuid:963EC3EB4002CCE9759E2EBA541A873A
 |   |   |- [+] [  4]
 |   |   |   |- Guid:EC4E0C944CE6AC6E784BC6BB2916EA13 BaseClass: NativeClass:/Script/Engine.StaticMeshActor Name:StaticMeshActor_UAID_A4AE111137DC5EFB00_1110535423 Label:SM_SkySphere SpatiallyLoaded:0 Bounds:IsValid=true, Min=(X=-1638400.000 Y=-1638400.000 Z=-1638400.000), Max=(X=1638400.000 Y=1638400.000 Z=1638400.000) RuntimeGrid:None EditorOnly:0 RuntimeOnly:0 HLODRelevant:1 FolderPath:Lighting FolderGuid:963EC3EB4002CCE9759E2EBA541A873A
 |   |   |- [+] [  5]
 |   |   |   |- Guid:B785ED2844B84CFB91E7F39FE661CD99 BaseClass: NativeClass:/Script/Engine.DirectionalLight Name:DirectionalLight_0 Label:DirectionalLight SpatiallyLoaded:0 Bounds:IsValid=true, Min=(X=-1048576.000 Y=-1048576.000 Z=-1048576.000), Max=(X=1048576.000 Y=1048576.000 Z=1048576.000) RuntimeGrid:None EditorOnly:0 RuntimeOnly:0 HLODRelevant:0 FolderPath:Lighting FolderGuid:963EC3EB4002CCE9759E2EBA541A873A
 |   |   |- [+] [  6]
 |   |   |   |- Guid:316CF2A6494ACA4C0E4180A87D36AB8F BaseClass: NativeClass:/Script/Engine.ExponentialHeightFog Name:ExponentialHeightFog_0 Label:ExponentialHeightFog SpatiallyLoaded:0 Bounds:IsValid=true, Min=(X=-5600.000 Y=-50.000 Z=-6850.000), Max=(X=-5600.000 Y=-50.000 Z=-6850.000) RuntimeGrid:None EditorOnly:0 RuntimeOnly:0 HLODRelevant:0 FolderPath:Lighting FolderGuid:963EC3EB4002CCE9759E2EBA541A873A
 |   |   |- [+] [  7]
 |   |   |   |- Guid:2FB58999456391D349DC0F86DAC136ED BaseClass: NativeClass:/Script/Engine.SkyLight Name:SkyLight_1 Label:SkyLight SpatiallyLoaded:0 Bounds:IsValid=true, Min=(X=0.000 Y=0.000 Z=690.000), Max=(X=0.000 Y=0.000 Z=690.000) RuntimeGrid:None EditorOnly:0 RuntimeOnly:0 HLODRelevant:0 FolderPath:Lighting FolderGuid:963EC3EB4002CCE9759E2EBA541A873A
 |   |   |- [+] [  8]
 |   |   |   |- Guid:7AB9CB964AB0D3A8154540BCF65C37B4 BaseClass: NativeClass:/Script/Engine.StaticMeshActor Name:StaticMeshActor_UAID_84144DCF0430AFA101_2121570980 Label:Room_Palace01_Ceiling_400 SpatiallyLoaded:1 Bounds:IsValid=true, Min=(X=-1520.000 Y=1270.000 Z=1784.189), Max=(X=3280.000 Y=3670.000 Z=1910.079) RuntimeGrid:None EditorOnly:0 RuntimeOnly:0 HLODRelevant:1
 |   |   |- [+] [  9]
 |   |   |   |- Guid:0945045447208385C922B5AA43D883A4 BaseClass: NativeClass:/Script/Engine.StaticMeshActor Name:StaticMeshActor_UAID_84144DCF0430B0A101_1332065159 Label:CorridorA_Floor_3X3 SpatiallyLoaded:1 Bounds:IsValid=true, Min=(X=3696.898 Y=2336.730 Z=2061.169), Max=(X=4323.430 Y=2962.855 Z=2120.000) RuntimeGrid:None EditorOnly:0 RuntimeOnly:0 HLODRelevant:1
 |   |   |- [+] [ 10]
 |   |   |   |- Guid:175BEF494815CABE1DB3ECABD2882117 BaseClass: NativeClass:/Script/Engine.StaticMeshActor Name:StaticMeshActor_UAID_84144DCF0430B0A101_1359728160 Label:CorridorA_Floor_3X4 SpatiallyLoaded:1 Bounds:IsValid=true, Min=(X=3706.898 Y=3446.730 Z=2351.169), Max=(X=4333.430 Y=4072.855 Z=2410.000) RuntimeGrid:None EditorOnly:0 RuntimeOnly:0 HLODRelevant:1
 |   |   |- [+] [ 11]
 |   |   |   |- Guid:637A25D64AC2F75363BE4986FF2ED595 BaseClass: NativeClass:/Script/Engine.StaticMeshActor Name:StaticMeshActor_UAID_84144DCF0430B0A101_1378619161 Label:CorridorA_Floor_3X5 SpatiallyLoaded:1 Bounds:IsValid=true, Min=(X=3706.898 Y=4486.730 Z=2731.169), Max=(X=4333.430 Y=5112.855 Z=2790.000) RuntimeGrid:None EditorOnly:0 RuntimeOnly:0 HLODRelevant:1
 |   |   |- [+] [ 12]
 |   |   |   |- Guid:1E62327C4745E181C25413A232E87947 BaseClass: NativeClass:/Script/Engine.StaticMeshActor Name:StaticMeshActor_UAID_84144DCF0430B0A101_1392905162 Label:CorridorA_Floor_3X6 SpatiallyLoaded:1 Bounds:IsValid=true, Min=(X=4876.898 Y=4486.730 Z=2731.169), Max=(X=5503.430 Y=5112.855 Z=2790.000) RuntimeGrid:None EditorOnly:0 RuntimeOnly:0 HLODRelevant:1
 |   |   |- [+] [ 13]
 |   |   |   |- Guid:CE01A7C841372715CF0621A9AF1E1558 BaseClass: NativeClass:/Script/Engine.StaticMeshActor Name:StaticMeshActor_UAID_84144DCF0430B0A101_1425374163 Label:CorridorA_Floor_3X7 SpatiallyLoaded:1 Bounds:IsValid=true, Min=(X=6136.898 Y=4486.730 Z=2731.169), Max=(X=6763.430 Y=5112.855 Z=2790.000) RuntimeGrid:None EditorOnly:0 RuntimeOnly:0 HLODRelevant:1
 |   |   |- [+] [ 14]
 |   |   |   |- Guid:F9E33CBE4624870CC43722B345BE8AC7 BaseClass: NativeClass:/Script/Engine.StaticMeshActor Name:StaticMeshActor_UAID_84144DCF0430B0A101_1430609164 Label:CorridorA_Floor_3X8 SpatiallyLoaded:1 Bounds:IsValid=true, Min=(X=7336.898 Y=4486.730 Z=2731.169), Max=(X=7963.430 Y=5112.855 Z=2790.000) RuntimeGrid:None EditorOnly:0 RuntimeOnly:0 HLODRelevant:1
 |   |   |- [+] [ 15]
 |   |   |   |- Guid:AF90174E47DCAB846FF2F2B81BB7B88C BaseClass: NativeClass:/Script/Engine.StaticMeshActor Name:StaticMeshActor_UAID_84144DCF0430B0A101_1438174165 Label:CorridorA_Floor_3X9 SpatiallyLoaded:1 Bounds:IsValid=true, Min=(X=8536.898 Y=4486.730 Z=2731.169), Max=(X=9163.430 Y=5112.855 Z=2790.000) RuntimeGrid:None EditorOnly:0 RuntimeOnly:0 HLODRelevant:1
 |   |   |- [+] [ 16]
 |   |   |   |- Guid:3345B6FC482D16AB1790248952E276EF BaseClass: NativeClass:/Script/Engine.StaticMeshActor Name:StaticMeshActor_UAID_84144DCF0430B0A101_1448282166 Label:CorridorA_Floor_3X10 SpatiallyLoaded:1 Bounds:IsValid=true, Min=(X=8536.898 Y=3616.730 Z=2361.169), Max=(X=9163.430 Y=4242.855 Z=2420.000) RuntimeGrid:None EditorOnly:0 RuntimeOnly:0 HLODRelevant:1
 |   |   |- [+] [ 17]
 |   |   |   |- Guid:1D82AC40482A8CD70A4C60B424425E99 BaseClass:/Game/Assets/LearningKitAssets/Hour_of_Code/Blueprints/BP_checkpoint.BP_checkpoint_C NativeClass:/Script/Engine.Actor Name:BP_checkpoint_C_UAID_84144DCF0430B0A101_2008767168 Label:BP_checkpoint2 SpatiallyLoaded:1 Bounds:IsValid=true, Min=(X=10721.388 Y=2320.000 Z=2321.383), Max=(X=11030.000 Y=2480.000 Z=2572.851) RuntimeGrid:None EditorOnly:0 RuntimeOnly:0 HLODRelevant:0
 |   |   |- [+] [ 18]
 |   |   |   |- Guid:9D5E712E4F0DA8F9FA1847BF19ADA255 BaseClass: NativeClass:/Script/Engine.PlayerStart Name:PlayerStart_UAID_84144DCF0430B1A101_1603753345 Label:PlayerStart SpatiallyLoaded:0 Bounds:IsValid=true, Min=(X=360.000 Y=2720.000 Z=1968.000), Max=(X=440.000 Y=2800.000 Z=2152.000) RuntimeGrid:None EditorOnly:0 RuntimeOnly:0 HLODRelevant:0
 |   |   |- [+] [ 19]
 |   |   |   |- Guid:EB849D4A418D408D9F28CD8694DA2A29 BaseClass: NativeClass:/Script/Engine.StaticMeshActor Name:StaticMeshActor_UAID_84144DCF0430B1A101_1894690348 Label:Palace_CorridorWall_Special_2400 SpatiallyLoaded:1 Bounds:IsValid=true, Min=(X=-1500.590 Y=1188.112 Z=1621.863), Max=(X=900.590 Y=1599.263 Z=4161.792) RuntimeGrid:None EditorOnly:0 RuntimeOnly:0 HLODRelevant:1
 |   |   |- [+] [ 20]
 |   |   |   |- Guid:27B1BFF84C53E7F73B8A858FA53EC495 BaseClass: NativeClass:/Script/Engine.StaticMeshActor Name:StaticMeshActor_UAID_84144DCF0430B1A101_1936256349 Label:Palace_CorridorWall_Blank_1200 SpatiallyLoaded:1 Bounds:IsValid=true, Min=(X=-1613.055 Y=1249.410 Z=1611.863), Max=(X=-1497.102 Y=2450.590 Z=4151.792) RuntimeGrid:None EditorOnly:0 RuntimeOnly:0 HLODRelevant:1
 |   |   |- [+] [ 21]
 |   |   |   |- Guid:515660AC48383F0A1AA26CAD559D2994 BaseClass: NativeClass:/Script/Engine.StaticMeshActor Name:StaticMeshActor_UAID_84144DCF0430B1A101_1963414350 Label:Palace_CorridorWall_Blank_1201 SpatiallyLoaded:1 Bounds:IsValid=true, Min=(X=-1613.055 Y=2449.410 Z=1611.863), Max=(X=-1497.102 Y=3650.590 Z=4151.792) RuntimeGrid:None EditorOnly:0 RuntimeOnly:0 HLODRelevant:1
 |   |   |- [+] [ 22]
 |   |   |   |- Guid:081441B348D8E7C5DE82DA9BD65B3966 BaseClass: NativeClass:/Script/Engine.StaticMeshActor Name:StaticMeshActor_UAID_84144DCF0430B1A101_2011662354 Label:Palace_CorridorWall_Special_1200 SpatiallyLoaded:1 Bounds:IsValid=true, Min=(X=-1470.590 Y=3311.277 Z=1601.863), Max=(X=-269.410 Y=3676.768 Z=4141.792) RuntimeGrid:None EditorOnly:0 RuntimeOnly:0 HLODRelevant:1
 |   |   |- [+] [ 23]
 |   |   |   |- Guid:02439B9B497E473A825E5A9BD7D4A821 BaseClass: NativeClass:/Script/Engine.StaticMeshActor Name:StaticMeshActor_UAID_84144DCF0430B1A101_2062188355 Label:Corridor_Palace_Span_1600 SpatiallyLoaded:1 Bounds:IsValid=true, Min=(X=3132.810 Y=1223.782 Z=1747.625), Max=(X=3363.656 Y=3637.844 Z=3619.920) RuntimeGrid:None EditorOnly:0 RuntimeOnly:0 HLODRelevant:1
 |   |   |- [+] [ 24]
 |   |   |   |- Guid:4DF62DD449364E92024F449DE1D7E444 BaseClass: NativeClass:/Script/Engine.StaticMeshActor Name:StaticMeshActor_UAID_84144DCF0430B1A101_2137045357 Label:Skyline SpatiallyLoaded:1 Bounds:IsValid=true, Min=(X=3408.727 Y=-7591.003 Z=-6230.388), Max=(X=19813.633 Y=-1891.074 Z=5087.176) RuntimeGrid:None EditorOnly:0 RuntimeOnly:0 HLODRelevant:1
 |   |   |- [+] [ 25]
 |   |   |   |- Guid:3947F8F24D90BE406083E4A27FE8FE31 BaseClass: NativeClass:/Script/Engine.StaticMeshActor Name:StaticMeshActor_UAID_84144DCF0430B2A101_1115982534 Label:Whip_Point_Post_Double SpatiallyLoaded:1 Bounds:IsValid=true, Min=(X=2128.827 Y=1524.751 Z=1896.256), Max=(X=2167.631 Y=2322.693 Z=2852.396) RuntimeGrid:None EditorOnly:0 RuntimeOnly:0 HLODRelevant:1
 |   |   |- [+] [ 26]
 |   |   |   |- Guid:5B7BBC0E4E12F0744DC811AFCC4BA11C BaseClass: NativeClass:/Script/Engine.StaticMeshActor Name:StaticMeshActor_UAID_84144DCF0430B2A101_1165512538 Label:Corridor_Palace_WallShort_200_Flat SpatiallyLoaded:1 Bounds:IsValid=true, Min=(X=-273.175 Y=3606.696 Z=1893.158), Max=(X=178.549 Y=3679.738 Z=2496.627) RuntimeGrid:None EditorOnly:0 RuntimeOnly:0 HLODRelevant:1
 |   |   |- [+] [ 27]
 |   |   |   |- Guid:374F62AE4353C8246A4F498CF16A89DE BaseClass: NativeClass:/Script/Engine.StaticMeshActor Name:StaticMeshActor_UAID_84144DCF0430B2A101_1184982539 Label:Corridor_Palace_WallShort_200_Flat2 SpatiallyLoaded:1 Bounds:IsValid=true, Min=(X=-273.175 Y=3606.696 Z=2483.158), Max=(X=178.549 Y=3679.738 Z=3086.627) RuntimeGrid:None EditorOnly:0 RuntimeOnly:0 HLODRelevant:1
 |   |   |- [+] [ 28]
 |   |   |   |- Guid:4588B006461CA413A5F8D789945DCE25 BaseClass: NativeClass:/Script/Engine.StaticMeshActor Name:StaticMeshActor_UAID_84144DCF0430B2A101_1195843540 Label:Corridor_Palace_WallShort_200_Flat3 SpatiallyLoaded:1 Bounds:IsValid=true, Min=(X=-273.175 Y=3606.696 Z=3083.158), Max=(X=178.549 Y=3679.738 Z=3686.627) RuntimeGrid:None EditorOnly:0 RuntimeOnly:0 HLODRelevant:1
 |   |   |- [+] [ 29]
 |   |   |   |- Guid:310D0BE54CD7A8D656E21C88F504C670 BaseClass: NativeClass:/Script/Engine.StaticMeshActor Name:StaticMeshActor_UAID_84144DCF0430B2A101_1205217541 Label:Corridor_Palace_WallShort_200 SpatiallyLoaded:1 Bounds:IsValid=true, Min=(X=-282.167 Y=3606.696 Z=3671.579), Max=(X=191.824 Y=3686.852 Z=4045.922) RuntimeGrid:None EditorOnly:0 RuntimeOnly:0 HLODRelevant:1
 |   |   |- [+] [ 30]
 |   |   |   |- Guid:92D89746491CB710A381DCBE0650F5DC BaseClass: NativeClass:/Script/Engine.StaticMeshActor Name:StaticMeshActor_UAID_84144DCF0430B2A101_1240275542 Label:Corridor_Palace_WallShort_200_Flat4 SpatiallyLoaded:1 Bounds:IsValid=true, Min=(X=136.825 Y=3606.696 Z=1893.158), Max=(X=588.549 Y=3679.738 Z=2496.627) RuntimeGrid:None EditorOnly:0 RuntimeOnly:0 HLODRelevant:1
 |   |   |- [+] [ 31]
 |   |   |   |- Guid:DAD50C914BA0BA2170A8E584BE88D540 BaseClass: NativeClass:/Script/Engine.StaticMeshActor Name:StaticMeshActor_UAID_84144DCF0430B2A101_1240277543 Label:Corridor_Palace_WallShort_200_Flat5 SpatiallyLoaded:1 Bounds:IsValid=true, Min=(X=136.825 Y=3606.696 Z=2483.158), Max=(X=588.549 Y=3679.738 Z=3086.627) RuntimeGrid:None EditorOnly:0 RuntimeOnly:0 HLODRelevant:1
 |   |   |- [+] [ 32]
 |   |   |   |- Guid:7F2C79A04681707A4C8420A88B42D531 BaseClass: NativeClass:/Script/Engine.StaticMeshActor Name:StaticMeshActor_UAID_84144DCF0430B2A101_1240278544 Label:Corridor_Palace_WallShort_200_Flat6 SpatiallyLoaded:1 Bounds:IsValid=true, Min=(X=136.825 Y=3606.696 Z=3083.158), Max=(X=588.549 Y=3679.738 Z=3686.627) RuntimeGrid:None EditorOnly:0 RuntimeOnly:0 HLODRelevant:1
 |   |   |- [+] [ 33]
 |   |   |   |- Guid:3F5341D44FCA8963227430994FDA1A80 BaseClass: NativeClass:/Script/Engine.StaticMeshActor Name:StaticMeshActor_UAID_84144DCF0430B2A101_1240279545 Label:Corridor_Palace_WallShort_201 SpatiallyLoaded:1 Bounds:IsValid=true, Min=(X=127.833 Y=3606.696 Z=3671.579), Max=(X=601.824 Y=3686.852 Z=4045.922) RuntimeGrid:None EditorOnly:0 RuntimeOnly:0 HLODRelevant:1
 |   |   |- [+] [ 34]
 |   |   |   |- Guid:D0F7C49D455DF4BB1D3138B1695A01FD BaseClass: NativeClass:/Script/Engine.StaticMeshActor Name:StaticMeshActor_UAID_84144DCF0430B2A101_1244356546 Label:Corridor_Palace_WallShort_200_Flat7 SpatiallyLoaded:1 Bounds:IsValid=true, Min=(X=576.825 Y=3606.696 Z=1893.158), Max=(X=1028.549 Y=3679.738 Z=2496.627) RuntimeGrid:None EditorOnly:0 RuntimeOnly:0 HLODRelevant:1
 |   |   |- [+] [ 35]
 |   |   |   |- Guid:B77E8B434D33E574F9A05DB4A0B2737A BaseClass: NativeClass:/Script/Engine.StaticMeshActor Name:StaticMeshActor_UAID_84144DCF0430B2A101_1244359547 Label:Corridor_Palace_WallShort_200_Flat8 SpatiallyLoaded:1 Bounds:IsValid=true, Min=(X=576.825 Y=3606.696 Z=2483.158), Max=(X=1028.549 Y=3679.738 Z=3086.627) RuntimeGrid:None EditorOnly:0 RuntimeOnly:0 HLODRelevant:1
 |   |   |- [+] [ 36]
 |   |   |   |- Guid:84C91CA74657617EFF63D8A6FA711146 BaseClass: NativeClass:/Script/Engine.StaticMeshActor Name:StaticMeshActor_UAID_84144DCF0430B2A101_1244359548 Label:Corridor_Palace_WallShort_200_Flat9 SpatiallyLoaded:1 Bounds:IsValid=true, Min=(X=576.825 Y=3606.696 Z=3083.158), Max=(X=1028.549 Y=3679.738 Z=3686.627) RuntimeGrid:None EditorOnly:0 RuntimeOnly:0 HLODRelevant:1
 |   |   |- [+] [ 37]
 |   |   |   |- Guid:7F4902B64FFDD36B4AC8DDB549DF30A1 BaseClass: NativeClass:/Script/Engine.StaticMeshActor Name:StaticMeshActor_UAID_84144DCF0430B2A101_1244360549 Label:Corridor_Palace_WallShort_202 SpatiallyLoaded:1 Bounds:IsValid=true, Min=(X=567.833 Y=3606.696 Z=3671.579), Max=(X=1041.824 Y=3686.852 Z=4045.922) RuntimeGrid:None EditorOnly:0 RuntimeOnly:0 HLODRelevant:1
 |   |   |- [+] [ 38]
 |   |   |   |- Guid:5B578BE44C1FF3E927FFA8A132624C1A BaseClass: NativeClass:/Script/Engine.StaticMeshActor Name:StaticMeshActor_UAID_84144DCF0430B2A101_1249129550 Label:Corridor_Palace_WallShort_200_Flat10 SpatiallyLoaded:1 Bounds:IsValid=true, Min=(X=1016.825 Y=3606.696 Z=1893.158), Max=(X=1468.549 Y=3679.738 Z=2496.627) RuntimeGrid:None EditorOnly:0 RuntimeOnly:0 HLODRelevant:1
 |   |   |- [+] [ 39]
 |   |   |   |- Guid:03900DAD4395FF31F9B7468CDF1CE731 BaseClass: NativeClass:/Script/Engine.StaticMeshActor Name:StaticMeshActor_UAID_84144DCF0430B2A101_1249131551 Label:Corridor_Palace_WallShort_200_Flat11 SpatiallyLoaded:1 Bounds:IsValid=true, Min=(X=1016.825 Y=3606.696 Z=2483.158), Max=(X=1468.549 Y=3679.738 Z=3086.627) RuntimeGrid:None EditorOnly:0 RuntimeOnly:0 HLODRelevant:1
 |   |   |- [+] [ 40]
 |   |   |   |- Guid:999DCF21454EFAE10FF17FAF373DE865 BaseClass: NativeClass:/Script/Engine.StaticMeshActor Name:StaticMeshActor_UAID_84144DCF0430B2A101_1249132552 Label:Corridor_Palace_WallShort_200_Flat12 SpatiallyLoaded:1 Bounds:IsValid=true, Min=(X=1016.825 Y=3606.696 Z=3083.158), Max=(X=1468.549 Y=3679.738 Z=3686.627) RuntimeGrid:None EditorOnly:0 RuntimeOnly:0 HLODRelevant:1
 |   |   |- [+] [ 41]
 |   |   |   |- Guid:3A630C2246DAE4E1019A3793D9ABF881 BaseClass: NativeClass:/Script/Engine.StaticMeshActor Name:StaticMeshActor_UAID_84144DCF0430B2A101_1249133553 Label:Corridor_Palace_WallShort_203 SpatiallyLoaded:1 Bounds:IsValid=true, Min=(X=1007.833 Y=3606.696 Z=3671.579), Max=(X=1481.824 Y=3686.852 Z=4045.922) RuntimeGrid:None EditorOnly:0 RuntimeOnly:0 HLODRelevant:1
 |   |   |- [+] [ 42]
 |   |   |   |- Guid:8EB202A341A0B061E2ECDD91820FE27B BaseClass: NativeClass:/Script/Engine.StaticMeshActor Name:StaticMeshActor_UAID_84144DCF0430B2A101_1252723554 Label:Corridor_Palace_WallShort_200_Flat13 SpatiallyLoaded:1 Bounds:IsValid=true, Min=(X=1446.825 Y=3606.696 Z=1893.158), Max=(X=1898.549 Y=3679.738 Z=2496.627) RuntimeGrid:None EditorOnly:0 RuntimeOnly:0 HLODRelevant:1
 |   |   |- [+] [ 43]
 |   |   |   |- Guid:0941A80A42E9579229C422A2856D6D73 BaseClass: NativeClass:/Script/Engine.StaticMeshActor Name:StaticMeshActor_UAID_84144DCF0430B2A101_1252725555 Label:Corridor_Palace_WallShort_200_Flat14 SpatiallyLoaded:1 Bounds:IsValid=true, Min=(X=1446.825 Y=3606.696 Z=2483.158), Max=(X=1898.549 Y=3679.738 Z=3086.627) RuntimeGrid:None EditorOnly:0 RuntimeOnly:0 HLODRelevant:1
 |   |   |- [+] [ 44]
 |   |   |   |- Guid:B6D342ED46A00E426EE3D9A329F11F78 BaseClass: NativeClass:/Script/Engine.StaticMeshActor Name:StaticMeshActor_UAID_84144DCF0430B2A101_1252726556 Label:Corridor_Palace_WallShort_200_Flat15 SpatiallyLoaded:1 Bounds:IsValid=true, Min=(X=1446.825 Y=3606.696 Z=3083.158), Max=(X=1898.549 Y=3679.738 Z=3686.627) RuntimeGrid:None EditorOnly:0 RuntimeOnly:0 HLODRelevant:1
 |   |   |- [+] [ 45]
 |   |   |   |- Guid:4B0AA567469586D0C166D987389D3B60 BaseClass: NativeClass:/Script/Engine.StaticMeshActor Name:StaticMeshActor_UAID_84144DCF0430B2A101_1252727557 Label:Corridor_Palace_WallShort_204 SpatiallyLoaded:1 Bounds:IsValid=true, Min=(X=1437.833 Y=3606.696 Z=3671.579), Max=(X=1911.824 Y=3686.852 Z=4045.922) RuntimeGrid:None EditorOnly:0 RuntimeOnly:0 HLODRelevant:1
 |   |   |- [+] [ 46]
 |   |   |   |- Guid:751C404D4CE8EAEF3EF06199630FA1EC BaseClass: NativeClass:/Script/Engine.StaticMeshActor Name:StaticMeshActor_UAID_84144DCF0430B2A101_1256647558 Label:Corridor_Palace_WallShort_200_Flat16 SpatiallyLoaded:1 Bounds:IsValid=true, Min=(X=1906.825 Y=3606.696 Z=1893.158), Max=(X=2358.549 Y=3679.738 Z=2496.627) RuntimeGrid:None EditorOnly:0 RuntimeOnly:0 HLODRelevant:1
 |   |   |- [+] [ 47]
 |   |   |   |- Guid:7FE4FE314AC28E291476C28E651D2EA9 BaseClass: NativeClass:/Script/Engine.StaticMeshActor Name:StaticMeshActor_UAID_84144DCF0430B2A101_1256649559 Label:Corridor_Palace_WallShort_200_Flat17 SpatiallyLoaded:1 Bounds:IsValid=true, Min=(X=1906.825 Y=3606.696 Z=2483.158), Max=(X=2358.549 Y=3679.738 Z=3086.627) RuntimeGrid:None EditorOnly:0 RuntimeOnly:0 HLODRelevant:1
 |   |   |- [+] [ 48]
 |   |   |   |- Guid:475161874B874A46D776F4A2DBC89848 BaseClass: NativeClass:/Script/Engine.StaticMeshActor Name:StaticMeshActor_UAID_84144DCF0430B2A101_1256650560 Label:Corridor_Palace_WallShort_200_Flat18 SpatiallyLoaded:1 Bounds:IsValid=true, Min=(X=1906.825 Y=3606.696 Z=3083.158), Max=(X=2358.549 Y=3679.738 Z=3686.627) RuntimeGrid:None EditorOnly:0 RuntimeOnly:0 HLODRelevant:1
 |   |   |- [+] [ 49]
 |   |   |   |- Guid:9B55D20140F7474D7EDBBFA3B84DC883 BaseClass: NativeClass:/Script/Engine.StaticMeshActor Name:StaticMeshActor_UAID_84144DCF0430B2A101_1256651561 Label:Corridor_Palace_WallShort_205 SpatiallyLoaded:1 Bounds:IsValid=true, Min=(X=1897.833 Y=3606.696 Z=3671.579), Max=(X=2371.824 Y=3686.852 Z=4045.922) RuntimeGrid:None EditorOnly:0 RuntimeOnly:0 HLODRelevant:1
 |   |   |- [+] [ 50]
 |   |   |   |- Guid:EC731EDE4502D8D3C45BECA29D449FCC BaseClass: NativeClass:/Script/Engine.StaticMeshActor Name:StaticMeshActor_UAID_84144DCF0430B2A101_1259533562 Label:Corridor_Palace_WallShort_200_Flat19 SpatiallyLoaded:1 Bounds:IsValid=true, Min=(X=2366.825 Y=3606.696 Z=1893.158), Max=(X=2818.549 Y=3679.738 Z=2496.627) RuntimeGrid:None EditorOnly:0 RuntimeOnly:0 HLODRelevant:1
 |   |   |- [+] [ 51]
 |   |   |   |- Guid:8244617542924A1BFE4B55B08AED2157 BaseClass: NativeClass:/Script/Engine.StaticMeshActor Name:StaticMeshActor_UAID_84144DCF0430B2A101_1259535563 Label:Corridor_Palace_WallShort_200_Flat20 SpatiallyLoaded:1 Bounds:IsValid=true, Min=(X=2366.825 Y=3606.696 Z=2483.158), Max=(X=2818.549 Y=3679.738 Z=3086.627) RuntimeGrid:None EditorOnly:0 RuntimeOnly:0 HLODRelevant:1
 |   |   |- [+] [ 52]
 |   |   |   |- Guid:1D5B100E4EA7AF415FB17197359EBE7E BaseClass: NativeClass:/Script/Engine.StaticMeshActor Name:StaticMeshActor_UAID_84144DCF0430B2A101_1259536564 Label:Corridor_Palace_WallShort_200_Flat21 SpatiallyLoaded:1 Bounds:IsValid=true, Min=(X=2366.825 Y=3606.696 Z=3083.158), Max=(X=2818.549 Y=3679.738 Z=3686.627) RuntimeGrid:None EditorOnly:0 RuntimeOnly:0 HLODRelevant:1
 |   |   |- [+] [ 53]
 |   |   |   |- Guid:367817E54831750839E45380F2EFEA61 BaseClass: NativeClass:/Script/Engine.StaticMeshActor Name:StaticMeshActor_UAID_84144DCF0430B2A101_1259537565 Label:Corridor_Palace_WallShort_206 SpatiallyLoaded:1 Bounds:IsValid=true, Min=(X=2357.833 Y=3606.696 Z=3671.579), Max=(X=2831.824 Y=3686.852 Z=4045.922) RuntimeGrid:None EditorOnly:0 RuntimeOnly:0 HLODRelevant:1
 |   |   |- [+] [ 54]
 |   |   |   |- Guid:10A5831A45D73676AB612BAEC0033211 BaseClass: NativeClass:/Script/Engine.StaticMeshActor Name:StaticMeshActor_UAID_84144DCF0430B2A101_1262366566 Label:Corridor_Palace_WallShort_200_Flat22 SpatiallyLoaded:1 Bounds:IsValid=true, Min=(X=2826.825 Y=3606.696 Z=1893.158), Max=(X=3278.549 Y=3679.738 Z=2496.627) RuntimeGrid:None EditorOnly:0 RuntimeOnly:0 HLODRelevant:1
 |   |   |- [+] [ 55]
 |   |   |   |- Guid:01BAEC3D47D9C323DF29D88EC26EF3C9 BaseClass: NativeClass:/Script/Engine.StaticMeshActor Name:StaticMeshActor_UAID_84144DCF0430B2A101_1262368567 Label:Corridor_Palace_WallShort_200_Flat23 SpatiallyLoaded:1 Bounds:IsValid=true, Min=(X=2826.825 Y=3606.696 Z=2483.158), Max=(X=3278.549 Y=3679.738 Z=3086.627) RuntimeGrid:None EditorOnly:0 RuntimeOnly:0 HLODRelevant:1
 |   |   |- [+] [ 56]
 |   |   |   |- Guid:BC13A78642FB60953144CA86EB4F00B4 BaseClass: NativeClass:/Script/Engine.StaticMeshActor Name:StaticMeshActor_UAID_84144DCF0430B2A101_1262369568 Label:Corridor_Palace_WallShort_200_Flat24 SpatiallyLoaded:1 Bounds:IsValid=true, Min=(X=2826.825 Y=3606.696 Z=3083.158), Max=(X=3278.549 Y=3679.738 Z=3686.627) RuntimeGrid:None EditorOnly:0 RuntimeOnly:0 HLODRelevant:1
 |   |   |- [+] [ 57]
 |   |   |   |- Guid:8C00B7CC4F36B9212C8A4ABBD63E8879 BaseClass: NativeClass:/Script/Engine.StaticMeshActor Name:StaticMeshActor_UAID_84144DCF0430B2A101_1262370569 Label:Corridor_Palace_WallShort_207 SpatiallyLoaded:1 Bounds:IsValid=true, Min=(X=2817.833 Y=3606.696 Z=3671.579), Max=(X=3291.824 Y=3686.852 Z=4045.922) RuntimeGrid:None EditorOnly:0 RuntimeOnly:0 HLODRelevant:1
 |   |   |- [+] [ 58]
 |   |   |   |- Guid:15C41E38449CD6AA4079708394F57048 BaseClass: NativeClass:/Script/Engine.StaticMeshActor Name:StaticMeshActor_UAID_84144DCF0430B2A101_1339850570 Label:Corridor_Palace_WallShort_200_Flat25 SpatiallyLoaded:1 Bounds:IsValid=true, Min=(X=2746.814 Y=1220.262 Z=1893.158), Max=(X=3311.468 Y=1293.304 Z=2496.627) RuntimeGrid:None EditorOnly:0 RuntimeOnly:0 HLODRelevant:1
 |   |   |- [+] [ 59]
 |   |   |   |- Guid:E18F86B8492E7E62CF9379B8D1933760 BaseClass: NativeClass:/Script/Engine.StaticMeshActor Name:StaticMeshActor_UAID_84144DCF0430B2A101_1339852571 Label:Corridor_Palace_WallShort_200_Flat26 SpatiallyLoaded:1 Bounds:IsValid=true, Min=(X=2746.814 Y=1220.262 Z=2483.158), Max=(X=3311.468 Y=1293.304 Z=3086.627) RuntimeGrid:None EditorOnly:0 RuntimeOnly:0 HLODRelevant:1
 |   |   |- [+] [ 60]
 |   |   |   |- Guid:DACFDE5C471E88FEACC0D7A7B0EE62FC BaseClass: NativeClass:/Script/Engine.StaticMeshActor Name:StaticMeshActor_UAID_84144DCF0430B2A101_1339853572 Label:Corridor_Palace_WallShort_200_Flat27 SpatiallyLoaded:1 Bounds:IsValid=true, Min=(X=2746.814 Y=1220.262 Z=3083.158), Max=(X=3311.468 Y=1293.304 Z=3686.627) RuntimeGrid:None EditorOnly:0 RuntimeOnly:0 HLODRelevant:1
 |   |   |- [+] [ 61]
 |   |   |   |- Guid:4D32152C4BAE63B068370D897C098F51 BaseClass: NativeClass:/Script/Engine.StaticMeshActor Name:StaticMeshActor_UAID_84144DCF0430B2A101_1339854573 Label:Corridor_Palace_WallShort_208 SpatiallyLoaded:1 Bounds:IsValid=true, Min=(X=2730.221 Y=1213.147 Z=3671.579), Max=(X=3322.709 Y=1293.304 Z=4045.922) RuntimeGrid:None EditorOnly:0 RuntimeOnly:0 HLODRelevant:1
 |   |   |- [+] [ 62]
 |   |   |   |- Guid:E4A6EE294366A73420C2B6B497534B70 BaseClass: NativeClass:/Script/Engine.StaticMeshActor Name:StaticMeshActor_UAID_84144DCF0430B2A101_1339855574 Label:Corridor_Palace_WallShort_200_Flat28 SpatiallyLoaded:1 Bounds:IsValid=true, Min=(X=2209.314 Y=1220.262 Z=1893.158), Max=(X=2773.968 Y=1293.304 Z=2496.627) RuntimeGrid:None EditorOnly:0 RuntimeOnly:0 HLODRelevant:1
 |   |   |- [+] [ 63]
 |   |   |   |- Guid:8EBE649747AEA59DAFB4BB8253F9BA04 BaseClass: NativeClass:/Script/Engine.StaticMeshActor Name:StaticMeshActor_UAID_84144DCF0430B2A101_1339856575 Label:Corridor_Palace_WallShort_200_Flat29 SpatiallyLoaded:1 Bounds:IsValid=true, Min=(X=2209.314 Y=1220.262 Z=2483.158), Max=(X=2773.968 Y=1293.304 Z=3086.627) RuntimeGrid:None EditorOnly:0 RuntimeOnly:0 HLODRelevant:1
 |   |   |- [+] [ 64]
 |   |   |   |- Guid:E0E1A1E44215A46961F0069D5C759413 BaseClass: NativeClass:/Script/Engine.StaticMeshActor Name:StaticMeshActor_UAID_84144DCF0430B2A101_1339856576 Label:Corridor_Palace_WallShort_200_Flat30 SpatiallyLoaded:1 Bounds:IsValid=true, Min=(X=2209.314 Y=1220.262 Z=3083.158), Max=(X=2773.968 Y=1293.304 Z=3686.627) RuntimeGrid:None EditorOnly:0 RuntimeOnly:0 HLODRelevant:1
 |   |   |- [+] [ 65]
 |   |   |   |- Guid:F57C2605496212BFEB466E95576B63B3 BaseClass: NativeClass:/Script/Engine.StaticMeshActor Name:StaticMeshActor_UAID_84144DCF0430B2A101_1339857577 Label:Corridor_Palace_WallShort_209 SpatiallyLoaded:1 Bounds:IsValid=true, Min=(X=2192.721 Y=1213.147 Z=3671.579), Max=(X=2785.209 Y=1293.304 Z=4045.922) RuntimeGrid:None EditorOnly:0 RuntimeOnly:0 HLODRelevant:1
 |   |   |- [+] [ 66]
 |   |   |   |- Guid:ABE9D238425A8145497CA7900721095E BaseClass: NativeClass:/Script/Engine.StaticMeshActor Name:StaticMeshActor_UAID_84144DCF0430B2A101_1339858578 Label:Corridor_Palace_WallShort_200_Flat31 SpatiallyLoaded:1 Bounds:IsValid=true, Min=(X=1634.314 Y=1220.262 Z=1893.158), Max=(X=2198.968 Y=1293.304 Z=2496.627) RuntimeGrid:None EditorOnly:0 RuntimeOnly:0 HLODRelevant:1
 |   |   |- [+] [ 67]
 |   |   |   |- Guid:8586F0734C5F312368F7BC8E6EBB0D81 BaseClass: NativeClass:/Script/Engine.StaticMeshActor Name:StaticMeshActor_UAID_84144DCF0430B2A101_1339859579 Label:Corridor_Palace_WallShort_200_Flat32 SpatiallyLoaded:1 Bounds:IsValid=true, Min=(X=1634.314 Y=1220.262 Z=2483.158), Max=(X=2198.968 Y=1293.304 Z=3086.627) RuntimeGrid:None EditorOnly:0 RuntimeOnly:0 HLODRelevant:1
 |   |   |- [+] [ 68]
 |   |   |   |- Guid:AE9270B44649BF7C9AC8D48F14A575A1 BaseClass: NativeClass:/Script/Engine.StaticMeshActor Name:StaticMeshActor_UAID_84144DCF0430B2A101_1339860580 Label:Corridor_Palace_WallShort_200_Flat33 SpatiallyLoaded:1 Bounds:IsValid=true, Min=(X=1634.314 Y=1220.262 Z=3083.158), Max=(X=2198.968 Y=1293.304 Z=3686.627) RuntimeGrid:None EditorOnly:0 RuntimeOnly:0 HLODRelevant:1
 |   |   |- [+] [ 69]
 |   |   |   |- Guid:7E748E6348BD8EF1DF362C940DB4622F BaseClass: NativeClass:/Script/Engine.StaticMeshActor Name:StaticMeshActor_UAID_84144DCF0430B2A101_1339860581 Label:Corridor_Palace_WallShort_210 SpatiallyLoaded:1 Bounds:IsValid=true, Min=(X=1617.721 Y=1213.148 Z=3671.579), Max=(X=2210.209 Y=1293.304 Z=4045.922) RuntimeGrid:None EditorOnly:0 RuntimeOnly:0 HLODRelevant:1
 |   |   |- [+] [ 70]
 |   |   |   |- Guid:3E1D1D96488F4321C2ED23AB8D97CFDE BaseClass: NativeClass:/Script/Engine.StaticMeshActor Name:StaticMeshActor_UAID_84144DCF0430B2A101_1339861582 Label:Corridor_Palace_WallShort_200_Flat34 SpatiallyLoaded:1 Bounds:IsValid=true, Min=(X=1059.314 Y=1220.262 Z=1893.158), Max=(X=1623.968 Y=1293.304 Z=2496.627) RuntimeGrid:None EditorOnly:0 RuntimeOnly:0 HLODRelevant:1
 |   |   |- [+] [ 71]
 |   |   |   |- Guid:3A2865BC4FD7C94D9448D78B5855CF5A BaseClass: NativeClass:/Script/Engine.StaticMeshActor Name:StaticMeshActor_UAID_84144DCF0430B2A101_1339863583 Label:Corridor_Palace_WallShort_200_Flat35 SpatiallyLoaded:1 Bounds:IsValid=true, Min=(X=1059.314 Y=1220.262 Z=2483.158), Max=(X=1623.968 Y=1293.304 Z=3086.627) RuntimeGrid:None EditorOnly:0 RuntimeOnly:0 HLODRelevant:1
 |   |   |- [+] [ 72]
 |   |   |   |- Guid:6B38DA244CE03D974AE71492CDCA9823 BaseClass: NativeClass:/Script/Engine.StaticMeshActor Name:StaticMeshActor_UAID_84144DCF0430B2A101_1339864584 Label:Corridor_Palace_WallShort_200_Flat36 SpatiallyLoaded:1 Bounds:IsValid=true, Min=(X=1059.314 Y=1220.262 Z=3083.158), Max=(X=1623.968 Y=1293.304 Z=3686.627) RuntimeGrid:None EditorOnly:0 RuntimeOnly:0 HLODRelevant:1
 |   |   |- [+] [ 73]
 |   |   |   |- Guid:DD872A0340316C3F41E542A525449703 BaseClass: NativeClass:/Script/Engine.StaticMeshActor Name:StaticMeshActor_UAID_84144DCF0430B2A101_1339864585 Label:Corridor_Palace_WallShort_211 SpatiallyLoaded:1 Bounds:IsValid=true, Min=(X=1042.721 Y=1213.148 Z=3671.579), Max=(X=1635.209 Y=1293.304 Z=4045.922) RuntimeGrid:None EditorOnly:0 RuntimeOnly:0 HLODRelevant:1
 |   |   |- [+] [ 74]
 |   |   |   |- Guid:865734FF4BBC4E635567DC8CD5C05CE5 BaseClass: NativeClass:/Script/Engine.StaticMeshActor Name:StaticMeshActor_UAID_84144DCF0430B2A101_1339865586 Label:Corridor_Palace_WallShort_200_Flat37 SpatiallyLoaded:1 Bounds:IsValid=true, Min=(X=484.314 Y=1220.262 Z=1893.158), Max=(X=1048.968 Y=1293.304 Z=2496.627) RuntimeGrid:None EditorOnly:0 RuntimeOnly:0 HLODRelevant:1
 |   |   |- [+] [ 75]
 |   |   |   |- Guid:53D28DDD4314F72F880970A545D1408F BaseClass: NativeClass:/Script/Engine.StaticMeshActor Name:StaticMeshActor_UAID_84144DCF0430B2A101_1339866587 Label:Corridor_Palace_WallShort_200_Flat38 SpatiallyLoaded:1 Bounds:IsValid=true, Min=(X=484.314 Y=1220.262 Z=2483.158), Max=(X=1048.968 Y=1293.304 Z=3086.627) RuntimeGrid:None EditorOnly:0 RuntimeOnly:0 HLODRelevant:1
 |   |   |- [+] [ 76]
 |   |   |   |- Guid:6D3D3FFF4F64E10C3F7103862CE14BAD BaseClass: NativeClass:/Script/Engine.StaticMeshActor Name:StaticMeshActor_UAID_84144DCF0430B2A101_1339867588 Label:Corridor_Palace_WallShort_200_Flat39 SpatiallyLoaded:1 Bounds:IsValid=true, Min=(X=484.314 Y=1220.262 Z=3083.158), Max=(X=1048.968 Y=1293.304 Z=3686.627) RuntimeGrid:None EditorOnly:0 RuntimeOnly:0 HLODRelevant:1
 |   |   |- [+] [ 77]
 |   |   |   |- Guid:3867CF2B4F4E5681690FF0872BFD50CD BaseClass: NativeClass:/Script/Engine.StaticMeshActor Name:StaticMeshActor_UAID_84144DCF0430B2A101_1339868589 Label:Corridor_Palace_WallShort_212 SpatiallyLoaded:1 Bounds:IsValid=true, Min=(X=467.721 Y=1213.148 Z=3671.579), Max=(X=1060.209 Y=1293.304 Z=4045.922) RuntimeGrid:None EditorOnly:0 RuntimeOnly:0 HLODRelevant:1
 |- ContainerInstances:
 |- [+] MainContainer:
 |   |-        ID: 0x0000000000000000
 |   |-    Bounds: IsValid=false, Min=(X=0.000 Y=0.000 Z=0.000), Max=(X=0.000 Y=0.000 Z=0.000)
 |   |- Transform: 0.000000,0.000000,0.000000|0.000000,0.000000,-0.000000|1.000000,1.000000,1.000000
 |   |- Container: /Game/ThirdPerson/Maps/ThirdPersonMap
----------------------------------------------------------------------------------------------------------------
ThirdPersonMap - Persistent Level
----------------------------------------------------------------------------------------------------------------
Always loaded Actor Count: 85 

----------------------------------------------------------------------------------------------------------------
ThirdPersonMap - Runtime Spatial Hash - Streaming Grid - MainGrid
----------------------------------------------------------------------------------------------------------------
            Origin: X=0.000 Y=0.000 Z=0.000
         Cell Size: 12800
      World Bounds: IsValid=false, Min=(X=0.000 Y=0.000 Z=0.000), Max=(X=0.000 Y=0.000 Z=0.000)
     Loading Range: 25600.00
Block Slow Loading: No
 ClientOnlyVisible: No

[+] Grid Levels: 1
 |- Level  0: Cell Count    0 | Cell Size   12800 | Actor Count    0 (0.0%)

[+] Content of Grid Level 0

